This is pdfTeXk, Version 3.141592-1.40.3 (Web2C 7.5.6) (format=pdflatex 2009.4.27)  16 MAY 2009 18:44
entering extended mode
 %&-line parsing enabled.
**/home/pi/www/svn/geometrydoc/branches/en/geometry_en.tex
(/home/pi/www/svn/geometrydoc/branches/en/geometry_en.tex
LaTeX2e <2005/12/01>
Babel <v3.8h> and hyphenation patterns for english, usenglishmax, dumylang, noh
yphenation, basque, french, loaded.
(/usr/share/texmf-texlive/tex/latex/base/article.cls
Document Class: article 2005/09/16 v1.4f Standard LaTeX document class
(/usr/share/texmf-texlive/tex/latex/base/size10.clo
File: size10.clo 2005/09/16 v1.4f Standard LaTeX file (size option)
)
\c@part=\count79
\c@section=\count80
\c@subsection=\count81
\c@subsubsection=\count82
\c@paragraph=\count83
\c@subparagraph=\count84
\c@figure=\count85
\c@table=\count86
\abovecaptionskip=\skip41
\belowcaptionskip=\skip42
\bibindent=\dimen102
)
(/usr/share/texmf-texlive/tex/latex/geometry/geometry.sty
Package: geometry 2002/07/08 v3.2 Page Geometry

(/usr/share/texmf-texlive/tex/latex/graphics/keyval.sty
Package: keyval 1999/03/16 v1.13 key=value parser (DPC)
\KV@toks@=\toks14
)
\Gm@cnth=\count87
\Gm@cntv=\count88
\c@Gm@tempcnt=\count89
\Gm@bindingoffset=\dimen103
\Gm@wd@mp=\dimen104
\Gm@odd@mp=\dimen105
\Gm@even@mp=\dimen106
\Gm@dimlist=\toks15
)
(/usr/share/texmf-texlive/tex/latex/base/inputenc.sty
Package: inputenc 2006/05/05 v1.1b Input encoding file
\inpenc@prehook=\toks16
\inpenc@posthook=\toks17

(/usr/share/texmf-texlive/tex/latex/base/latin1.def
File: latin1.def 2006/05/05 v1.1b Input encoding file
))
(/usr/share/texmf-texlive/tex/latex/base/fontenc.sty
Package: fontenc 2005/09/27 v1.99g Standard LaTeX package

(/usr/share/texmf-texlive/tex/latex/base/t1enc.def
File: t1enc.def 2005/09/27 v1.99g Standard LaTeX file
LaTeX Font Info:    Redeclaring font encoding T1 on input line 43.
))
(/usr/share/texmf-texlive/tex/latex/ltxmisc/framed.sty
Package: framed 2003/07/21 v 0.8a: framed or shaded text with page breaks
\FrameRule=\dimen107
\FrameSep=\dimen108
)
(/home/pi/texmf/tex/latex/xcolor/xcolor.sty
Package: xcolor 2004/07/04 v2.00 LaTeX color extensions (UK)

(/etc/texmf/tex/latex/config/color.cfg
File: color.cfg 2007/01/18 v1.5 color configuration of teTeX/TeXLive
)
Package xcolor Info: Driver file: pdftex.def on input line 136.

(/usr/share/texmf-texlive/tex/latex/pdftex-def/pdftex.def
File: pdftex.def 2007/01/08 v0.04d Graphics/color for pdfTeX
\Gread@gobject=\count90
)
Package xcolor Info: Color model `cmy' added on input line 972.
Package xcolor Info: Color model `hsb' added on input line 980.
Package xcolor Info: Color model `HTML' added on input line 1000.
Package xcolor Info: Color model `HSB' added on input line 1006.
Package xcolor Info: Color model `Gray' added on input line 1012.
)
(/usr/share/texmf-texlive/tex/latex/base/ifthen.sty
Package: ifthen 2001/05/26 v1.1c Standard LaTeX ifthen package (DPC)
)
(/usr/share/texmf-texlive/tex/latex/fancyvrb/fancyvrb.sty
Package: fancyvrb 1998/07/17

Style option: `fancyvrb' v2.6, with DG/SPQR fixes <1998/07/17> (tvz)
\FV@CodeLineNo=\count91
\FV@InFile=\read1
\FV@TabBox=\box26
\c@FancyVerbLine=\count92
\FV@StepNumber=\count93
\FV@OutFile=\write3

No file fancyvrb.cfg.
) (/usr/share/texmf-texlive/tex/latex/graphics/graphicx.sty
Package: graphicx 1999/02/16 v1.0f Enhanced LaTeX Graphics (DPC,SPQR)

(/usr/share/texmf-texlive/tex/latex/graphics/graphics.sty
Package: graphics 2006/02/20 v1.0o Standard LaTeX Graphics (DPC,SPQR)

(/usr/share/texmf-texlive/tex/latex/graphics/trig.sty
Package: trig 1999/03/16 v1.09 sin cos tan (DPC)
)
(/etc/texmf/tex/latex/config/graphics.cfg
File: graphics.cfg 2007/01/18 v1.5 graphics configuration of teTeX/TeXLive
)
Package graphics Info: Driver file: pdftex.def on input line 90.
)
\Gin@req@height=\dimen109
\Gin@req@width=\dimen110
)
(/usr/share/texmf-texlive/tex/latex/amsmath/amsmath.sty
Package: amsmath 2000/07/18 v2.13 AMS math features
\@mathmargin=\skip43

For additional information on amsmath, use the `?' option.
(/usr/share/texmf-texlive/tex/latex/amsmath/amstext.sty
Package: amstext 2000/06/29 v2.01

(/usr/share/texmf-texlive/tex/latex/amsmath/amsgen.sty
File: amsgen.sty 1999/11/30 v2.0
\@emptytoks=\toks18
\ex@=\dimen111
))
(/usr/share/texmf-texlive/tex/latex/amsmath/amsbsy.sty
Package: amsbsy 1999/11/29 v1.2d
\pmbraise@=\dimen112
)
(/usr/share/texmf-texlive/tex/latex/amsmath/amsopn.sty
Package: amsopn 1999/12/14 v2.01 operator names
)
\inf@bad=\count94
LaTeX Info: Redefining \frac on input line 211.
\uproot@=\count95
\leftroot@=\count96
LaTeX Info: Redefining \overline on input line 307.
\classnum@=\count97
\DOTSCASE@=\count98
LaTeX Info: Redefining \ldots on input line 379.
LaTeX Info: Redefining \dots on input line 382.
LaTeX Info: Redefining \cdots on input line 467.
\Mathstrutbox@=\box27
\strutbox@=\box28
\big@size=\dimen113
LaTeX Font Info:    Redeclaring font encoding OML on input line 567.
LaTeX Font Info:    Redeclaring font encoding OMS on input line 568.
\macc@depth=\count99
\c@MaxMatrixCols=\count100
\dotsspace@=\muskip10
\c@parentequation=\count101
\dspbrk@lvl=\count102
\tag@help=\toks19
\row@=\count103
\column@=\count104
\maxfields@=\count105
\andhelp@=\toks20
\eqnshift@=\dimen114
\alignsep@=\dimen115
\tagshift@=\dimen116
\tagwidth@=\dimen117
\totwidth@=\dimen118
\lineht@=\dimen119
\@envbody=\toks21
\multlinegap=\skip44
\multlinetaggap=\skip45
\mathdisplay@stack=\toks22
LaTeX Info: Redefining \[ on input line 2666.
LaTeX Info: Redefining \] on input line 2667.
)
(/usr/share/texmf-texlive/tex/latex/amsfonts/amssymb.sty
Package: amssymb 2002/01/22 v2.2d

(/usr/share/texmf-texlive/tex/latex/amsfonts/amsfonts.sty
Package: amsfonts 2001/10/25 v2.2f
\symAMSa=\mathgroup4
\symAMSb=\mathgroup5
LaTeX Font Info:    Overwriting math alphabet `\mathfrak' in version `bold'
(Font)                  U/euf/m/n --> U/euf/b/n on input line 132.
))
(/usr/share/texmf-texlive/tex/latex/jknapltx/mathrsfs.sty
Package: mathrsfs 1996/01/01 Math RSFS package v1.0 (jk)
\symrsfs=\mathgroup6
)
(/usr/share/texmf-texlive/tex/latex/base/makeidx.sty
Package: makeidx 2000/03/29 v1.0m Standard LaTeX package
)
(/usr/share/texmf-texlive/tex/latex/footmisc/footmisc.sty
Package: footmisc 2005/03/17 v5.3d a miscellany of footnote facilities
\FN@temptoken=\toks23
\footnotemargin=\dimen120
\c@pp@next@reset=\count106
Package footmisc Info: Declaring symbol style bringhurst on input line 817.
Package footmisc Info: Declaring symbol style chicago on input line 818.
Package footmisc Info: Declaring symbol style wiley on input line 819.
Package footmisc Info: Declaring symbol style lamport-robust on input line 823.

Package footmisc Info: Declaring symbol style lamport* on input line 831.
Package footmisc Info: Declaring symbol style lamport*-robust on input line 840
.
)
(/usr/share/texmf-texlive/tex/latex/titlesec/titlesec.sty
Package: titlesec 2005/01/22 v2.6 Sectioning titles
\ttl@box=\box29
\beforetitleunit=\skip46
\aftertitleunit=\skip47
\ttl@plus=\dimen121
\ttl@minus=\dimen122
\titlewidth=\dimen123
\titlewidthlast=\dimen124
\titlewidthfirst=\dimen125
)
(/usr/share/texmf-texlive/tex/latex/tocbibind/tocbibind.sty
Package: tocbibind 2003/03/13 v1.5g extra ToC listings


Package tocbibind Note: The document has section divisions.


Package tocbibind Note: Using section or other style headings.

) (/usr/share/texmf-texlive/tex/latex/units/units.sty
Package: units 1998/08/04 v0.9b Typesetting units

(/usr/share/texmf-texlive/tex/latex/units/nicefrac.sty
Package: nicefrac 1998/08/04 v0.9b Nice fractions
\L@UnitsRaiseDisplaystyle=\skip48
\L@UnitsRaiseTextstyle=\skip49
\L@UnitsRaiseScriptstyle=\skip50
))
(/usr/share/texmf-texlive/tex/latex/tools/tabularx.sty
Package: tabularx 1999/01/07 v2.07 `tabularx' package (DPC)

(/usr/share/texmf-texlive/tex/latex/tools/array.sty
Package: array 2005/08/23 v2.4b Tabular extension package (FMi)
\col@sep=\dimen126
\extrarowheight=\dimen127
\NC@list=\toks24
\extratabsurround=\skip51
\backup@length=\skip52
)
\TX@col@width=\dimen128
\TX@old@table=\dimen129
\TX@old@col=\dimen130
\TX@target=\dimen131
\TX@delta=\dimen132
\TX@cols=\count107
\TX@ftn=\toks25
)
(/usr/share/texmf-texlive/tex/latex/tocloft/tocloft.sty
Package: tocloft 2003/09/26 v2.3c parameterised ToC, etc., typesetting


Package tocloft Note: The document has section divisions.

\cftparskip=\skip53
\cftbeforetoctitleskip=\skip54
\cftaftertoctitleskip=\skip55
\cftbeforepartskip=\skip56
\cftpartnumwidth=\skip57
\cftpartindent=\skip58
\cftbeforesecskip=\skip59
\cftsecindent=\skip60
\cftsecnumwidth=\skip61
\cftbeforesubsecskip=\skip62
\cftsubsecindent=\skip63
\cftsubsecnumwidth=\skip64
\cftbeforesubsubsecskip=\skip65
\cftsubsubsecindent=\skip66
\cftsubsubsecnumwidth=\skip67
\cftbeforeparaskip=\skip68
\cftparaindent=\skip69
\cftparanumwidth=\skip70
\cftbeforesubparaskip=\skip71
\cftsubparaindent=\skip72
\cftsubparanumwidth=\skip73
\cftbeforeloftitleskip=\skip74
\cftafterloftitleskip=\skip75
\cftbeforefigskip=\skip76
\cftfigindent=\skip77
\cftfignumwidth=\skip78
\c@lofdepth=\count108
\c@lotdepth=\count109
\cftbeforelottitleskip=\skip79
\cftafterlottitleskip=\skip80
\cftbeforetabskip=\skip81
\cfttabindent=\skip82
\cfttabnumwidth=\skip83
) (/usr/share/texmf/tex/latex/lm/lmodern.sty
Package: lmodern 2007/01/14 v1.3 Latin Modern Fonts
LaTeX Font Info:    Overwriting symbol font `operators' in version `normal'
(Font)                  OT1/cmr/m/n --> OT1/lmr/m/n on input line 13.
LaTeX Font Info:    Overwriting symbol font `letters' in version `normal'
(Font)                  OML/cmm/m/it --> OML/lmm/m/it on input line 14.
LaTeX Font Info:    Overwriting symbol font `symbols' in version `normal'
(Font)                  OMS/cmsy/m/n --> OMS/lmsy/m/n on input line 15.
LaTeX Font Info:    Overwriting symbol font `largesymbols' in version `normal'
(Font)                  OMX/cmex/m/n --> OMX/lmex/m/n on input line 16.
LaTeX Font Info:    Overwriting symbol font `operators' in version `bold'
(Font)                  OT1/cmr/bx/n --> OT1/lmr/bx/n on input line 17.
LaTeX Font Info:    Overwriting symbol font `letters' in version `bold'
(Font)                  OML/cmm/b/it --> OML/lmm/b/it on input line 18.
LaTeX Font Info:    Overwriting symbol font `symbols' in version `bold'
(Font)                  OMS/cmsy/b/n --> OMS/lmsy/b/n on input line 19.
LaTeX Font Info:    Overwriting symbol font `largesymbols' in version `bold'
(Font)                  OMX/cmex/m/n --> OMX/lmex/m/n on input line 20.
LaTeX Font Info:    Overwriting math alphabet `\mathbf' in version `normal'
(Font)                  OT1/cmr/bx/n --> OT1/lmr/bx/n on input line 22.
LaTeX Font Info:    Overwriting math alphabet `\mathsf' in version `normal'
(Font)                  OT1/cmss/m/n --> OT1/lmss/m/n on input line 23.
LaTeX Font Info:    Overwriting math alphabet `\mathit' in version `normal'
(Font)                  OT1/cmr/m/it --> OT1/lmr/m/it on input line 24.
LaTeX Font Info:    Overwriting math alphabet `\mathtt' in version `normal'
(Font)                  OT1/cmtt/m/n --> OT1/lmtt/m/n on input line 25.
LaTeX Font Info:    Overwriting math alphabet `\mathbf' in version `bold'
(Font)                  OT1/cmr/bx/n --> OT1/lmr/bx/n on input line 26.
LaTeX Font Info:    Overwriting math alphabet `\mathsf' in version `bold'
(Font)                  OT1/cmss/bx/n --> OT1/lmss/bx/n on input line 27.
LaTeX Font Info:    Overwriting math alphabet `\mathit' in version `bold'
(Font)                  OT1/cmr/bx/it --> OT1/lmr/bx/it on input line 28.
LaTeX Font Info:    Overwriting math alphabet `\mathtt' in version `bold'
(Font)                  OT1/cmtt/m/n --> OT1/lmtt/m/n on input line 29.
)
(/usr/share/texmf-texlive/tex/latex/tools/xspace.sty
Package: xspace 2006/05/08 v1.12 Space after command names (DPC,MH)
)
(/usr/share/texmf-texlive/tex/latex/hyperref/hyperref.sty
Package: hyperref 2007/02/07 v6.75r Hypertext links for LaTeX
\@linkdim=\dimen133
\Hy@linkcounter=\count110
\Hy@pagecounter=\count111

(/usr/share/texmf-texlive/tex/latex/hyperref/pd1enc.def
File: pd1enc.def 2007/02/07 v6.75r Hyperref: PDFDocEncoding definition (HO)
)
(/etc/texmf/tex/latex/config/hyperref.cfg
File: hyperref.cfg 2002/06/06 v1.2 hyperref configuration of TeXLive
)
(/usr/share/texmf-texlive/tex/latex/oberdiek/kvoptions.sty
Package: kvoptions 2006/08/22 v2.4 Connects package keyval with LaTeX options (
HO)
)
Package hyperref Info: Hyper figures OFF on input line 2288.
Package hyperref Info: Link nesting OFF on input line 2293.
Package hyperref Info: Hyper index ON on input line 2296.
Package hyperref Info: Plain pages OFF on input line 2303.
Package hyperref Info: Backreferencing OFF on input line 2308.

Implicit mode ON; LaTeX internals redefined
Package hyperref Info: Bookmarks ON on input line 2444.
(/usr/share/texmf-texlive/tex/latex/ltxmisc/url.sty
\Urlmuskip=\muskip11
Package: url 2005/06/27  ver 3.2  Verb mode for urls, etc.
)
LaTeX Info: Redefining \url on input line 2599.
\Fld@menulength=\count112
\Field@Width=\dimen134
\Fld@charsize=\dimen135
\Choice@toks=\toks26
\Field@toks=\toks27
Package hyperref Info: Hyper figures OFF on input line 3102.
Package hyperref Info: Link nesting OFF on input line 3107.
Package hyperref Info: Hyper index ON on input line 3110.
Package hyperref Info: backreferencing OFF on input line 3117.
Package hyperref Info: Link coloring OFF on input line 3122.
\Hy@abspage=\count113
\c@Item=\count114
)
*hyperref using driver hpdftex*
(/usr/share/texmf-texlive/tex/latex/hyperref/hpdftex.def
File: hpdftex.def 2007/02/07 v6.75r Hyperref driver for pdfTeX
\Fld@listcount=\count115
)
Package hyperref Info: Option `colorlinks' set `true' on input line 52.

(/usr/share/texmf-texlive/tex/generic/babel/babel.sty
Package: babel 2005/11/23 v3.8h The Babel package

(/usr/share/texmf-texlive/tex/generic/babel/english.ldf
Language: english 2005/03/30 v3.3o English support from the babel system

(/usr/share/texmf-texlive/tex/generic/babel/babel.def
File: babel.def 2005/11/23 v3.8h Babel common definitions
\babel@savecnt=\count116
\U@D=\dimen136
)
\l@british = a dialect from \language\l@english 
\l@UKenglish = a dialect from \language\l@english 
\l@canadian = a dialect from \language\l@american 
\l@australian = a dialect from \language\l@british 
\l@newzealand = a dialect from \language\l@british 
))
\c@example=\count117
\image=\box30
\c@tmpfile=\count118

(/usr/share/texmf-texlive/tex/latex/titlesec/ttlkeys.def
File: ttlkeys.def 2005/01/22
)
\@indexfile=\write4
\openout4 = `geometry_en.idx'.


Writing index file geometry_en.idx
(./geometry_en.aux)
\openout1 = `geometry_en.aux'.

LaTeX Font Info:    Checking defaults for OML/cmm/m/it on input line 187.
LaTeX Font Info:    ... okay on input line 187.
LaTeX Font Info:    Checking defaults for T1/cmr/m/n on input line 187.
LaTeX Font Info:    ... okay on input line 187.
LaTeX Font Info:    Checking defaults for OT1/cmr/m/n on input line 187.
LaTeX Font Info:    ... okay on input line 187.
LaTeX Font Info:    Checking defaults for OMS/cmsy/m/n on input line 187.
LaTeX Font Info:    ... okay on input line 187.
LaTeX Font Info:    Checking defaults for OMX/cmex/m/n on input line 187.
LaTeX Font Info:    ... okay on input line 187.
LaTeX Font Info:    Checking defaults for U/cmr/m/n on input line 187.
LaTeX Font Info:    ... okay on input line 187.
LaTeX Font Info:    Checking defaults for PD1/pdf/m/n on input line 187.
LaTeX Font Info:    ... okay on input line 187.
LaTeX Font Info:    Try loading font information for T1+lmr on input line 187.
 (/usr/share/texmf/tex/latex/lm/t1lmr.fd
File: t1lmr.fd 2007/01/14 v1.3 Font defs for Latin Modern
)
-------------------- Geometry parameters
paper: a4paper
landscape: --
twocolumn: --
twoside: --
asymmetric: --
h-parts: 28.45274pt, 540.60239pt, 28.45274pt
v-parts: 56.9055pt, 731.23584pt, 56.9055pt
hmarginratio: --
vmarginratio: --
lines: --
heightrounded: --
bindingoffset: 0.0pt
truedimen: --
includehead: --
includefoot: --
includemp: --
driver: pdftex
-------------------- Page layout dimensions and switches
\paperwidth  597.50787pt
\paperheight 845.04684pt
\textwidth  540.60239pt
\textheight 731.23584pt
\oddsidemargin  -43.81725pt
\evensidemargin -43.81725pt
\topmargin  -15.36449pt
\headheight 0.0pt
\headsep    0.0pt
\footskip   30.0pt
\marginparwidth 0.0pt
\marginparsep   0.0pt
\columnsep  10.0pt
\skip\footins  9.0pt plus 4.0pt minus 2.0pt
\hoffset 0.0pt
\voffset 0.0pt
\mag 1000

(1in=72.27pt, 1cm=28.45pt)
-----------------------

(/usr/share/texmf-texlive/tex/context/base/supp-pdf.tex
[Loading MPS to PDF converter (version 2006.09.02).]
\scratchcounter=\count119
\scratchdimen=\dimen137
\scratchbox=\box31
\nofMPsegments=\count120
\nofMParguments=\count121
\everyMPshowfont=\toks28
\MPscratchCnt=\count122
\MPscratchDim=\dimen138
\MPnumerator=\count123
\everyMPtoPDFconversion=\toks29
)
Package hyperref Info: Link coloring ON on input line 187.
 (/usr/share/texmf-texlive/tex/latex/hyperref/nameref.sty
Package: nameref 2006/12/27 v2.28 Cross-referencing by name of section

(/usr/share/texmf-texlive/tex/latex/oberdiek/refcount.sty
Package: refcount 2006/02/20 v3.0 Data extraction from references (HO)
)
\c@section@level=\count124
)
LaTeX Info: Redefining \ref on input line 187.
LaTeX Info: Redefining \pageref on input line 187.
 (./geometry_en.out) (./geometry_en.out)
\@outlinefile=\write5
\openout5 = `geometry_en.out'.

LaTeX Font Info:    Try loading font information for T1+lmtt on input line 206.

 (/usr/share/texmf/tex/latex/lm/t1lmtt.fd
File: t1lmtt.fd 2007/01/14 v1.3 Font defs for Latin Modern
)
LaTeX Font Info:    Try loading font information for OT1+lmr on input line 206.


(/usr/share/texmf/tex/latex/lm/ot1lmr.fd
File: ot1lmr.fd 2007/01/14 v1.3 Font defs for Latin Modern
)
LaTeX Font Info:    Try loading font information for OML+lmm on input line 206.


(/usr/share/texmf/tex/latex/lm/omllmm.fd
File: omllmm.fd 2007/01/14 v1.3 Font defs for Latin Modern
)
LaTeX Font Info:    Try loading font information for OMS+lmsy on input line 206
.

(/usr/share/texmf/tex/latex/lm/omslmsy.fd
File: omslmsy.fd 2007/01/14 v1.3 Font defs for Latin Modern
)
LaTeX Font Info:    Try loading font information for OMX+lmex on input line 206
.

(/usr/share/texmf/tex/latex/lm/omxlmex.fd
File: omxlmex.fd 2007/01/14 v1.3 Font defs for Latin Modern
)
LaTeX Font Info:    External font `lmex10' loaded for size
(Font)              <17.28> on input line 206.
LaTeX Font Info:    External font `lmex10' loaded for size
(Font)              <12> on input line 206.
LaTeX Font Info:    External font `lmex10' loaded for size
(Font)              <10> on input line 206.
LaTeX Font Info:    Try loading font information for U+msa on input line 206.

(/usr/share/texmf-texlive/tex/latex/amsfonts/umsa.fd
File: umsa.fd 2002/01/19 v2.2g AMS font definitions
)
LaTeX Font Info:    Try loading font information for U+msb on input line 206.

(/usr/share/texmf-texlive/tex/latex/amsfonts/umsb.fd
File: umsb.fd 2002/01/19 v2.2g AMS font definitions
)
LaTeX Font Info:    Try loading font information for U+rsfs on input line 206.

(/usr/share/texmf-texlive/tex/latex/jknapltx/ursfs.fd
File: ursfs.fd 1998/03/24 rsfs font definition file (jk)
)
LaTeX Font Info:    External font `lmex10' loaded for size
(Font)              <8> on input line 206.
LaTeX Font Info:    External font `lmex10' loaded for size
(Font)              <6> on input line 206.

<include/symmedian_intro.pdf, id=328, 483.6971pt x 395.57788pt>
File: include/symmedian_intro.pdf Graphic file (type pdf)

<use include/symmedian_intro.pdf>
LaTeX Font Info:    External font `lmex10' loaded for size
(Font)              <5> on input line 221.
LaTeX Font Info:    Try loading font information for OMS+lmr on input line 221.

 (/usr/share/texmf/tex/latex/lm/omslmr.fd
File: omslmr.fd 2007/01/14 v1.3 Font defs for Latin Modern
)
LaTeX Font Info:    Font shape `OMS/lmr/m/n' in size <8> not available
(Font)              Font shape `OMS/lmsy/m/n' tried instead on input line 221.

[1

{/home/pi/.texmf-var/fonts/map/pdftex/updmap/pdftex.map} <./include/symmedian_i
ntro.pdf>]
LaTeX Font Info:    Font shape `OMS/lmr/m/n' in size <9> not available
(Font)              Font shape `OMS/lmsy/m/n' tried instead on input line 253.
 (./geometry_en.toc
LaTeX Font Info:    External font `lmex10' loaded for size
(Font)              <7> on input line 2.
 [2])
\tf@toc=\write6
\openout6 = `geometry_en.toc'.

 [3]
\openout3 = `./include/tmp_.tex'.

\openout3 = `./include/circle_loop.asy'.


<./include/circle_loop.pdf, id=480, 85.3589pt x 85.3589pt>
File: ./include/circle_loop.pdf Graphic file (type pdf)

<use ./include/circle_loop.pdf>
Overfull \hbox (116.55867pt too wide) in paragraph at lines 350--350
[] 
 []

LaTeX Font Info:    Font shape `OMS/lmr/m/n' in size <10> not available
(Font)              Font shape `OMS/lmsy/m/n' tried instead on input line 356.
[4 <./include/circle_loop.pdf>]
\openout3 = `./include/defaultcoord.asy'.


<./include/defaultcoord.pdf, id=507, 114.21672pt x 110.78389pt>
File: ./include/defaultcoord.pdf Graphic file (type pdf)

<use ./include/defaultcoord.pdf>
Overfull \hbox (145.4164pt too wide) in paragraph at lines 402--402
[] 
 []

\openout3 = `./include/cartesiancoord.asy'.

<./include/cartesiancoord.pdf, id=508, 114.4275pt x 85.05777pt>
File: ./include/cartesiancoord.pdf Graphic file (type pdf)

<use ./include/cartesiancoord.pdf>
Overfull \hbox (145.6272pt too wide) in paragraph at lines 419--419
[] 
 []

\openout3 = `./include/vcolor0.asy'.

\openout3 = `./include/deftorel.asy'.

<./include/deftorel.pdf, id=510, 113.81522pt x 78.97505pt>
File: ./include/deftorel.pdf Graphic file (type pdf)

<use ./include/deftorel.pdf> [5 <./include/defaultcoord.pdf> <./include/cartesi
ancoord.pdf>]
Overfull \hbox (145.01491pt too wide) in paragraph at lines 444--444
[] 
 []

\openout3 = `./include/vcolor1.asy'.

\openout3 = `./include/reltodef.asy'.

<./include/reltodef.pdf, id=543, 114.71858pt x 85.49942pt>
File: ./include/reltodef.pdf Graphic file (type pdf)

<use ./include/reltodef.pdf>
Overfull \hbox (145.91826pt too wide) in paragraph at lines 466--466
[] 
 []

\openout3 = `./include/vcolor2.asy'.

\openout3 = `./include/vcolor3.asy'.

\openout3 = `./include/point1.asy'.

<./include/point1.pdf, id=545, 114.53792pt x 102.39253pt>
File: ./include/point1.pdf Graphic file (type pdf)

<use ./include/point1.pdf>
Overfull \hbox (145.73761pt too wide) in paragraph at lines 509--509
[] 
 []

[6 <./include/deftorel.pdf> <./include/reltodef.pdf>]
\openout3 = `./include/point2.asy'.


Overfull \hbox (60.03603pt too wide) in paragraph at lines 510--517
[] \T1/lmr/m/n/10 for the point [] and how to de-fine a point into a spe-cific 
co-or-di-nate sys-tem through to the rou-tine []
 []

<./include/point2.pdf, id=573, 171.05907pt x 127.8075pt>
<use ./include/point2.pdf> <use ./include/point2.pdf>
File: ./include/point2.pdf Graphic file (type pdf)

<use ./include/point2.pdf>
\openout3 = `./include/point3.asy'.


<./include/point3.pdf, id=574, 113.81522pt x 68.48587pt>
File: ./include/point3.pdf Graphic file (type pdf)

<use ./include/point3.pdf>
Overfull \hbox (145.01491pt too wide) in paragraph at lines 539--539
[] 
 []

\openout3 = `./include/point4.asy'.

<./include/point4.pdf, id=575, 114.88922pt x 105.26326pt>
File: ./include/point4.pdf Graphic file (type pdf)

<use ./include/point4.pdf>
Overfull \hbox (146.08891pt too wide) in paragraph at lines 555--555
[] 
 []


Underfull \vbox (badness 10000) detected at line 555
 []

[7 <./include/point1.pdf> <./include/point2.pdf> <./include/point3.pdf>]
\openout3 = `./include/point5.asy'.


<./include/point5.pdf, id=608, 113.81522pt x 91.24088pt>
<use ./include/point5.pdf> <use ./include/point5.pdf>
File: ./include/point5.pdf Graphic file (type pdf)

<use ./include/point5.pdf>
\openout3 = `./include/point6.asy'.


<./include/point6.pdf, id=609, 113.81522pt x 113.81522pt>
File: ./include/point6.pdf Graphic file (type pdf)

<use ./include/point6.pdf>
Overfull \hbox (145.01491pt too wide) in paragraph at lines 600--600
[] 
 []

\openout3 = `./include/vcolor4.asy'.

\openout3 = `./include/vcolor5.asy'.

[8 <./include/point4.pdf> <./include/point5.pdf> <./include/point6.pdf>]
\openout3 = `./include/vcolor6.asy'.

\openout3 = `./include/vcolor7.asy'.

\openout3 = `./include/vcolor8.asy'.

\openout3 = `./include/vcolor9.asy'.

\openout3 = `./include/vcolor10.asy'.

\openout3 = `./include/vcolor11.asy'.


Overfull \hbox (21.09116pt too wide) in paragraph at lines 666--676
\T1/lmr/m/n/10 To make up for this in-con-ve-nient one can use the rou-tines []
, [], [],
 []

\openout3 = `./include/vcolor12.asy'.


Overfull \hbox (65.7866pt too wide) in paragraph at lines 681--684
\T1/lmr/m/n/10 We as-sume that the sense of [] is a point of [] co-or-di-nates 
in the co-or-di-nate sys-tem where [] is de-fined ([]). 
 []

\openout3 = `./include/vcolor13.asy'.

\openout3 = `./include/vcolor14.asy'.

\openout3 = `./include/vcolor15.asy'.

\openout3 = `./include/vcolor16.asy'.

\openout3 = `./include/vcolor17.asy'.

\openout3 = `./include/vcolor18.asy'.

\openout3 = `./include/vcolor19.asy'.

\openout3 = `./include/vcolor20.asy'.

\openout3 = `./include/vcolor21.asy'.

[9]
\openout3 = `./include/vcolor22.asy'.

\openout3 = `./include/vcolor23.asy'.


Overfull \hbox (73.58334pt too wide) in paragraph at lines 757--760
[]\T1/lmr/m/n/10 Return the dot prod-uct [].[] where the co-or-di-nates of [] a
re first con-verted into the de-fault co-or-di-nate sys-tem. []
 []

\openout3 = `./include/somme_point.asy'.

<./include/somme_point.pdf, id=653, 113.81522pt x 146.5174pt>
File: ./include/somme_point.pdf Graphic file (type pdf)

<use ./include/somme_point.pdf>
Overfull \hbox (145.01491pt too wide) in paragraph at lines 785--785
[] 
 []

\openout3 = `./include/somme_point_vecteur.asy'.

<./include/somme_point_vecteur.pdf, id=654, 113.81522pt x 117.33838pt>
File: ./include/somme_point_vecteur.pdf Graphic file (type pdf)

<use ./include/somme_point_vecteur.pdf>
Overfull \hbox (145.01491pt too wide) in paragraph at lines 806--806
[] 
 []

\openout3 = `./include/locate_vector.asy'.

<./include/locate_vector.pdf, id=655, 114.21672pt x 105.37367pt>
File: ./include/locate_vector.pdf Graphic file (type pdf)

<use ./include/locate_vector.pdf>
Overfull \hbox (145.4164pt too wide) in paragraph at lines 824--824
[] 
 []

[10 <./include/somme_point.pdf> <./include/somme_point_vecteur.pdf>]
\openout3 = `./include/somme_vector.asy'.


<./include/somme_vector.pdf, id=687, 113.81522pt x 108.55556pt>
File: ./include/somme_vector.pdf Graphic file (type pdf)

<use ./include/somme_vector.pdf>
Overfull \hbox (145.01491pt too wide) in paragraph at lines 837--837
[] 
 []

\openout3 = `./include/somme_vector2.asy'.

<./include/somme_vector2.pdf, id=688, 228.80481pt x 113.51408pt>
<use ./include/somme_vector2.pdf> <use ./include/somme_vector2.pdf>
File: ./include/somme_vector2.pdf Graphic file (type pdf)

<use ./include/somme_vector2.pdf>
\openout3 = `./include/locate_vector2.asy'.


<./include/locate_vector2.pdf, id=689, 114.21672pt x 127.64688pt>
File: ./include/locate_vector2.pdf Graphic file (type pdf)

<use ./include/locate_vector2.pdf> [11 <./include/locate_vector.pdf> <./include
/somme_vector.pdf> <./include/somme_vector2.pdf>]
Overfull \hbox (145.4164pt too wide) in paragraph at lines 882--882
[] 
 []

\openout3 = `./include/vector_point.asy'.

<./include/vector_point.pdf, id=725, 114.21672pt x 111.03482pt>
File: ./include/vector_point.pdf Graphic file (type pdf)

<use ./include/vector_point.pdf>
Overfull \hbox (145.4164pt too wide) in paragraph at lines 894--894
[] 
 []

\openout3 = `./include/point_vector.asy'.

<./include/point_vector.pdf, id=726, 113.89551pt x 121.1426pt>
File: ./include/point_vector.pdf Graphic file (type pdf)

<use ./include/point_vector.pdf>
Overfull \hbox (145.0952pt too wide) in paragraph at lines 907--907
[] 
 []

\openout3 = `./include/unit_vector.asy'.

<./include/unit_vector.pdf, id=727, 114.09627pt x 168.70027pt>
File: ./include/unit_vector.pdf Graphic file (type pdf)

<use ./include/unit_vector.pdf>
Overfull \hbox (145.29596pt too wide) in paragraph at lines 926--926
[] 
 []

\openout3 = `./include/vcolor24.asy'.

[12 <./include/locate_vector2.pdf> <./include/vector_point.pdf> <./include/poin
t_vector.pdf> <./include/unit_vector.pdf>]
\openout3 = `./include/vcolor25.asy'.

\openout3 = `./include/vcolor26.asy'.

\openout3 = `./include/vcolor27.asy'.

\openout3 = `./include/vcolor28.asy'.

\openout3 = `./include/vcolor29.asy'.

\openout3 = `./include/vcolor30.asy'.

\openout3 = `./include/vcolor31.asy'.

\openout3 = `./include/vcolor32.asy'.

\openout3 = `./include/vcolor33.asy'.

\openout3 = `./include/defaultmassformat.asy'.


<./include/defaultmassformat.pdf, id=778, 113.81522pt x 15.0161pt>
File: ./include/defaultmassformat.pdf Graphic file (type pdf)

<use ./include/defaultmassformat.pdf> [13]
Overfull \hbox (145.01491pt too wide) in paragraph at lines 1048--1048
[] 
 []

\openout3 = `./include/vcolor34.asy'.

\openout3 = `./include/vcolor35.asy'.

\openout3 = `./include/vcolor36.asy'.

\openout3 = `./include/vcolor37.asy'.

\openout3 = `./include/mass_ex1.asy'.

<./include/mass_ex1.pdf, id=785, 113.81522pt x 86.98499pt>
File: ./include/mass_ex1.pdf Graphic file (type pdf)

<use ./include/mass_ex1.pdf>
Overfull \hbox (145.01491pt too wide) in paragraph at lines 1102--1102
[] 
 []

\openout3 = `./include/mass_ex2.asy'.

<./include/mass_ex2.pdf, id=786, 142.26149pt x 123.77242pt>
File: ./include/mass_ex2.pdf Graphic file (type pdf)

<use ./include/mass_ex2.pdf>
Overfull \hbox (173.4611pt too wide) in paragraph at lines 1120--1120
[] 
 []


Underfull \vbox (badness 2027) detected at line 1120
 []

[14 <./include/defaultmassformat.pdf> <./include/mass_ex1.pdf>]
\openout3 = `./include/mass_ex3.asy'.


<./include/mass_ex3.pdf, id=805, 199.1741pt x 173.24725pt>
<use ./include/mass_ex3.pdf> <use ./include/mass_ex3.pdf>
File: ./include/mass_ex3.pdf Graphic file (type pdf)

<use ./include/mass_ex3.pdf>
Underfull \vbox (badness 10000) detected at line 1162
 []

[15 <./include/mass_ex2.pdf>] [16 <./include/mass_ex3.pdf>]
\openout3 = `./include/vcolor38.asy'.

\openout3 = `./include/scale.asy'.


<./include/scale.pdf, id=825, 213.39726pt x 216.77989pt>
File: ./include/scale.pdf Graphic file (type pdf)

<use ./include/scale.pdf>
Overfull \hbox (244.59671pt too wide) in paragraph at lines 1199--1199
[] 
 []

\openout3 = `./include/scale2.asy'.

<./include/scale2.pdf, id=826, 213.39726pt x 229.29665pt>
File: ./include/scale2.pdf Graphic file (type pdf)

<use ./include/scale2.pdf>
Overfull \hbox (244.59671pt too wide) in paragraph at lines 1214--1214
[] 
 []

\openout3 = `./include/vcolor39.asy'.

\openout3 = `./include/projectionAB.asy'.

<./include/projectionAB.pdf, id=827, 170.7178pt x 166.32137pt>
File: ./include/projectionAB.pdf Graphic file (type pdf)

<use ./include/projectionAB.pdf>
Overfull \hbox (201.91736pt too wide) in paragraph at lines 1237--1237
[] 
 []


Underfull \vbox (badness 1173) detected at line 1237
 []

[17 <./include/scale.pdf> <./include/scale2.pdf>]
\openout3 = `./include/vcolor40.asy'.

\openout3 = `./include/projectionABCD.asy'.


<./include/projectionABCD.pdf, id=846, 130.49753pt x 170.7178pt>
File: ./include/projectionABCD.pdf Graphic file (type pdf)

<use ./include/projectionABCD.pdf>
Overfull \hbox (161.69719pt too wide) in paragraph at lines 1266--1266
[] 
 []

\openout3 = `./include/vcolor41.asy'.

\openout3 = `./include/scaleABCD.asy'.

<./include/scaleABCD.pdf, id=847, 171.1996pt x 112.80142pt>
File: ./include/scaleABCD.pdf Graphic file (type pdf)

<use ./include/scaleABCD.pdf>
Overfull \hbox (202.39915pt too wide) in paragraph at lines 1305--1305
[] 
 []


Underfull \vbox (badness 5908) detected at line 1305
 []

[18 <./include/projectionAB.pdf> <./include/projectionABCD.pdf>]
\openout3 = `./include/vcolor42.asy'.

\openout3 = `./include/xscale1.asy'.


<./include/xscale1.pdf, id=864, 170.7178pt x 68.9777pt>
File: ./include/xscale1.pdf Graphic file (type pdf)

<use ./include/xscale1.pdf>
Overfull \hbox (201.91736pt too wide) in paragraph at lines 1331--1331
[] 
 []

\openout3 = `./include/xscale2.asy'.

<./include/xscale2.pdf, id=865, 170.7178pt x 127.94801pt>
<use ./include/xscale2.pdf> <use ./include/xscale2.pdf>
File: ./include/xscale2.pdf Graphic file (type pdf)

<use ./include/xscale2.pdf>
Underfull \vbox (badness 10000) detected at line 1351
 []

[19 <./include/scaleABCD.pdf> <./include/xscale1.pdf>]
\openout3 = `./include/vcolor43.asy'.

\openout3 = `./include/yscale1.asy'.


<./include/yscale1.pdf, id=890, 170.7178pt x 141.04695pt>
File: ./include/yscale1.pdf Graphic file (type pdf)

<use ./include/yscale1.pdf>
Overfull \hbox (201.91736pt too wide) in paragraph at lines 1375--1375
[] 
 []

\openout3 = `./include/yscale2.asy'.

<./include/yscale2.pdf, id=891, 170.7178pt x 177.70389pt>
<use ./include/yscale2.pdf> <use ./include/yscale2.pdf>
File: ./include/yscale2.pdf Graphic file (type pdf)

<use ./include/yscale2.pdf>
Underfull \vbox (badness 4353) detected at line 1394
 []

[20 <./include/xscale2.pdf> <./include/yscale1.pdf>]
\openout3 = `./include/vcolor44.asy'.

\openout3 = `./include/scaleO.asy'.


<./include/scaleO.pdf, id=916, 128.97185pt x 135.34564pt>
File: ./include/scaleO.pdf Graphic file (type pdf)

<use ./include/scaleO.pdf>
Overfull \hbox (160.1715pt too wide) in paragraph at lines 1416--1416
[] 
 []

\openout3 = `./include/vcolor45.asy'.

\openout3 = `./include/vcolor46.asy'.

\openout3 = `./include/vcolor47.asy'.

[21 <./include/yscale2.pdf> <./include/scaleO.pdf>]
Overfull \hbox (15.92558pt too wide) in paragraph at lines 1440--1447
\T1/lmr/m/n/10 An ob-ject of type [] is de-voted to de-scribe line, half-line o
r seg-ment de-pend-ing on the prop-er-ties value []
 []

\openout3 = `./include/vcolor48.asy'.

\openout3 = `./include/vcolor49.asy'.

\openout3 = `./include/vcolor50.asy'.

\openout3 = `./include/line_base.asy'.

<./include/line_base.pdf, id=946, 170.7178pt x 170.7178pt>
File: ./include/line_base.pdf Graphic file (type pdf)

<use ./include/line_base.pdf>
Overfull \hbox (201.91736pt too wide) in paragraph at lines 1509--1509
[] 
 []

\openout3 = `./include/vcolor51.asy'.

\openout3 = `./include/vcolor52.asy'.

\openout3 = `./include/th_pascal.asy'.

<./include/th_pascal.pdf, id=947, 184.94093pt x 321.91266pt>
File: ./include/th_pascal.pdf Graphic file (type pdf)

<use ./include/th_pascal.pdf> [22 <./include/line_base.pdf>]
Overfull \hbox (216.14046pt too wide) in paragraph at lines 1559--1559
[] 
 []

\openout3 = `./include/vcolor53.asy'.

\openout3 = `./include/vcolor54.asy'.

\openout3 = `./include/vcolor55.asy'.

\openout3 = `./include/vcolor56.asy'.

\openout3 = `./include/vcolor57.asy'.

\openout3 = `./include/vcolor58.asy'.

\openout3 = `./include/vcolor59.asy'.

\openout3 = `./include/parallel.asy'.

<./include/parallel.pdf, id=957, 142.26149pt x 170.61742pt>
File: ./include/parallel.pdf Graphic file (type pdf)

<use ./include/parallel.pdf>
Overfull \hbox (173.4611pt too wide) in paragraph at lines 1633--1633
[] 
 []

[23 <./include/th_pascal.pdf>]
\openout3 = `./include/vcolor60.asy'.

\openout3 = `./include/line_angle1.asy'.


<./include/line_angle1.pdf, id=965, 142.26149pt x 162.95882pt>
File: ./include/line_angle1.pdf Graphic file (type pdf)

<use ./include/line_angle1.pdf>
Overfull \hbox (173.4611pt too wide) in paragraph at lines 1663--1663
[] 
 []

\openout3 = `./include/vcolor61.asy'.

\openout3 = `./include/bisector_line.asy'.

<./include/bisector_line.pdf, id=966, 142.26149pt x 142.26149pt>
File: ./include/bisector_line.pdf Graphic file (type pdf)

<use ./include/bisector_line.pdf>
Overfull \hbox (173.4611pt too wide) in paragraph at lines 1699--1699
[] 
 []


Underfull \vbox (badness 2635) detected at line 1699
 []

[24 <./include/parallel.pdf> <./include/line_angle1.pdf>]
\openout3 = `./include/vcolor62.asy'.

\openout3 = `./include/sector_line.asy'.


<./include/sector_line.pdf, id=996, 284.52296pt x 143.7671pt>
<use ./include/sector_line.pdf> <use ./include/sector_line.pdf>
File: ./include/sector_line.pdf Graphic file (type pdf)

<use ./include/sector_line.pdf>
Underfull \vbox (badness 10000) detected at line 1738
 []

[25 <./include/bisector_line.pdf>]
\openout3 = `./include/vcolor63.asy'.

\openout3 = `./include/vcolor64.asy'.

\openout3 = `./include/vcolor65.asy'.

\openout3 = `./include/perpendicular.asy'.


Overfull \hbox (28.23085pt too wide) in paragraph at lines 1758--1762
[]\T1/lmr/m/n/10 Return the line pass-ing through [] and of or-thog-o-nal di-re
c-tion [] given in the cur-rent co-or-di-nate sys-tem []. 
 []

<./include/perpendicular.pdf, id=1005, 142.26149pt x 170.61742pt>
File: ./include/perpendicular.pdf Graphic file (type pdf)

<use ./include/perpendicular.pdf>
Overfull \hbox (173.4611pt too wide) in paragraph at lines 1778--1778
[] 
 []


Underfull \vbox (badness 10000) detected at line 1778
 []

[26 <./include/sector_line.pdf>]
\openout3 = `./include/vcolor66.asy'.

\openout3 = `./include/vcolor67.asy'.

\openout3 = `./include/vcolor68.asy'.

\openout3 = `./include/vcolor69.asy'.

\openout3 = `./include/vcolor70.asy'.

\openout3 = `./include/vcolor71.asy'.

\openout3 = `./include/vcolor72.asy'.

\openout3 = `./include/vcolor73.asy'.

\openout3 = `./include/vcolor74.asy'.

\openout3 = `./include/vcolor75.asy'.

\openout3 = `./include/vcolor76.asy'.

\openout3 = `./include/vcolor77.asy'.

 [27 <./include/perpendicular.pdf>]
\openout3 = `./include/vcolor78.asy'.

\openout3 = `./include/vcolor79.asy'.

\openout3 = `./include/vcolor80.asy'.

\openout3 = `./include/vcolor81.asy'.


Underfull \hbox (badness 10000) in paragraph at lines 1913--1915

 []

\openout3 = `./include/vcolor82.asy'.

\openout3 = `./include/vcolor83.asy'.

\openout3 = `./include/vcolor84.asy'.

\openout3 = `./include/vcolor85.asy'.

\openout3 = `./include/vcolor86.asy'.

\openout3 = `./include/vcolor87.asy'.

\openout3 = `./include/vcolor88.asy'.

\openout3 = `./include/vcolor89.asy'.

\openout3 = `./include/vcolor90.asy'.

\openout3 = `./include/vcolor91.asy'.

[28]
\openout3 = `./include/vcolor92.asy'.

\openout3 = `./include/vcolor93.asy'.

\openout3 = `./include/relpoint_line.asy'.


Overfull \hbox (1.82755pt too wide) in paragraph at lines 1994--1999
[]\T1/lmr/m/n/10 Return the point of rel-a-tive ab-scissa [] with re-spect to t
he ori-ented seg-ment $\OT1/lmr/m/n/10 [[]]$\T1/lmr/m/n/10 . In other words the
 codes []
 []

<./include/relpoint_line.pdf, id=1032, 107.91316pt x 170.7178pt>
File: ./include/relpoint_line.pdf Graphic file (type pdf)

<use ./include/relpoint_line.pdf>
Overfull \hbox (139.11287pt too wide) in paragraph at lines 2011--2011
[] 
 []

\openout3 = `./include/vcolor94.asy'.

\openout3 = `./include/curpoint_line.asy'.

<./include/curpoint_line.pdf, id=1033, 127.38591pt x 170.7178pt>
File: ./include/curpoint_line.pdf Graphic file (type pdf)

<use ./include/curpoint_line.pdf>
Overfull \hbox (158.58557pt too wide) in paragraph at lines 2034--2034
[] 
 []

\openout3 = `./include/vcolor95.asy'.

\openout3 = `./include/vcolor96.asy'.

[29 <./include/relpoint_line.pdf> <./include/curpoint_line.pdf>]
\openout3 = `./include/perpendicularmark_line.asy'.


<./include/perpendicularmark_line.pdf, id=1057, 142.26149pt x 142.51242pt>
File: ./include/perpendicularmark_line.pdf Graphic file (type pdf)

<use ./include/perpendicularmark_line.pdf>
Overfull \hbox (173.4611pt too wide) in paragraph at lines 2080--2080
[] 
 []

\openout3 = `./include/line_segment.asy'.


Underfull \hbox (badness 10000) in paragraph at lines 2105--2114
\T1/lmr/m/n/10 an-other by writ-ing for ex-am-ple [],
 []

<./include/line_segment.pdf, id=1059, 170.7178pt x 170.7178pt>
File: ./include/line_segment.pdf Graphic file (type pdf)

<use ./include/line_segment.pdf>
Overfull \hbox (201.91736pt too wide) in paragraph at lines 2126--2126
[] 
 []

\openout3 = `./include/vcolor97.asy'.

\openout3 = `./include/vcolor98.asy'.

[30 <./include/perpendicularmark_line.pdf> <./include/line_segment.pdf>]
\openout3 = `./include/vcolor99.asy'.

\openout3 = `./include/vcolor100.asy'.

\openout3 = `./include/vcolor101.asy'.

\openout3 = `./include/reflect.asy'.


<./include/reflect.pdf, id=1080, 142.26149pt x 147.1899pt>
File: ./include/reflect.pdf Graphic file (type pdf)

<use ./include/reflect.pdf>
Overfull \hbox (173.4611pt too wide) in paragraph at lines 2185--2185
[] 
 []

\openout3 = `./include/vcolor102.asy'.

\openout3 = `./include/reflect_dir.asy'.

<./include/reflect_dir.pdf, id=1081, 142.26149pt x 151.6064pt>
File: ./include/reflect_dir.pdf Graphic file (type pdf)

<use ./include/reflect_dir.pdf>
Overfull \hbox (173.4611pt too wide) in paragraph at lines 2206--2206
[] 
 []

\openout3 = `./include/vcolor103.asy'.

\openout3 = `./include/affinite_line.asy'.

<./include/affinite_line.pdf, id=1082, 184.94093pt x 199.13396pt>
File: ./include/affinite_line.pdf Graphic file (type pdf)

<use ./include/affinite_line.pdf>
Overfull \hbox (216.14046pt too wide) in paragraph at lines 2235--2235
[] 
 []

[31 <./include/reflect.pdf> <./include/reflect_dir.pdf>]
\openout3 = `./include/vcolor104.asy'.

\openout3 = `./include/vcolor105.asy'.

\openout3 = `./include/vcolor106.asy'.

\openout3 = `./include/vcolor107.asy'.

\openout3 = `./include/projection_line.asy'.


<./include/projection_line.pdf, id=1099, 213.39726pt x 319.84492pt>
File: ./include/projection_line.pdf Graphic file (type pdf)

<use ./include/projection_line.pdf>
Overfull \hbox (244.59671pt too wide) in paragraph at lines 2296--2296
[] 
 []


Underfull \vbox (badness 10000) detected at line 2296
 []

[32 <./include/affinite_line.pdf>]
\openout3 = `./include/vcolor108.asy'.

\openout3 = `./include/vcolor109.asy'.

\openout3 = `./include/conic_base.asy'.


<./include/conic_base.pdf, id=1107, 227.62039pt x 126.54276pt>
File: ./include/conic_base.pdf Graphic file (type pdf)

<use ./include/conic_base.pdf>
Overfull \hbox (258.81981pt too wide) in paragraph at lines 2347--2347
[] 
 []

[33 <./include/projection_line.pdf>]
\openout3 = `./include/vcolor110.asy'.

\openout3 = `./include/conic_5_points.asy'.


<./include/conic_5_points.pdf, id=1121, 512.19354pt x 225.35191pt>
<use ./include/conic_5_points.pdf> <use ./include/conic_5_points.pdf>
File: ./include/conic_5_points.pdf Graphic file (type pdf)

<use ./include/conic_5_points.pdf>
\openout3 = `./include/vcolor111.asy'.

\openout3 = `./include/vcolor112.asy'.

 [34 <./include/conic_base.pdf> <./include/conic_5_points.pdf>]
\openout3 = `./include/vcolor113.asy'.

\openout3 = `./include/canoniccoord.asy'.


Underfull \hbox (badness 10000) in paragraph at lines 2407--2413
\T1/lmr/m/n/10 The rou-tines [], [] and
 []

<./include/canoniccoord.pdf, id=1140, 114.21672pt x 153.25255pt>
File: ./include/canoniccoord.pdf Graphic file (type pdf)

<use ./include/canoniccoord.pdf>
Overfull \hbox (145.4164pt too wide) in paragraph at lines 2423--2423
[] 
 []

\openout3 = `./include/vcolor114.asy'.

\openout3 = `./include/vcolor115.asy'.

\openout3 = `./include/inter_conic.asy'.

<./include/inter_conic.pdf, id=1141, 284.52296pt x 157.34784pt>
<use ./include/inter_conic.pdf> <use ./include/inter_conic.pdf>
File: ./include/inter_conic.pdf Graphic file (type pdf)

<use ./include/inter_conic.pdf>
\openout3 = `./include/vcolor116.asy'.

\openout3 = `./include/vcolor117.asy'.

 [35 <./include/canoniccoord.pdf> <./include/inter_conic.pdf>]
\openout3 = `./include/vcolor118.asy'.

\openout3 = `./include/vcolor119.asy'.

\openout3 = `./include/vcolor120.asy'.

\openout3 = `./include/vcolor121.asy'.

\openout3 = `./include/vcolor122.asy'.

\openout3 = `./include/vcolor123.asy'.

\openout3 = `./include/vcolor124.asy'.

\openout3 = `./include/vcolor125.asy'.

\openout3 = `./include/vcolor126.asy'.

 [36]
\openout3 = `./include/vcolor127.asy'.

\openout3 = `./include/vcolor128.asy'.

\openout3 = `./include/vcolor129.asy'.

\openout3 = `./include/vcolor130.asy'.

\openout3 = `./include/conic_ellipse.asy'.


<./include/conic_ellipse.pdf, id=1165, 291.11761pt x 183.79666pt>
<use ./include/conic_ellipse.pdf> <use ./include/conic_ellipse.pdf>
File: ./include/conic_ellipse.pdf Graphic file (type pdf)

<use ./include/conic_ellipse.pdf> [37 <./include/conic_ellipse.pdf>]
\openout3 = `./include/vcolor131.asy'.

\openout3 = `./include/circlepointradius.asy'.


<./include/circlepointradius.pdf, id=1181, 170.7178pt x 170.7178pt>
File: ./include/circlepointradius.pdf Graphic file (type pdf)

<use ./include/circlepointradius.pdf>
Overfull \hbox (201.91736pt too wide) in paragraph at lines 2676--2676
[] 
 []

\openout3 = `./include/vcolor132.asy'.

\openout3 = `./include/vcolor133.asy'.

\openout3 = `./include/vcolor134.asy'.

\openout3 = `./include/vcolor135.asy'.

\openout3 = `./include/circles_point.asy'.

<./include/circles_point.pdf, id=1182, 240.45834pt x 256.08675pt>
File: ./include/circles_point.pdf Graphic file (type pdf)

<use ./include/circles_point.pdf>
Overfull \hbox (271.65773pt too wide) in paragraph at lines 2727--2727
[] 
 []

[38 <./include/circlepointradius.pdf>]
Underfull \hbox (badness 5771) in paragraph at lines 2742--2747
[]\T1/lmr/m/n/10 the num-ber of points of the path de-pends of the ra-dius cir-
cle; it is cal-cu-lated by the rou-tine
 []

\openout3 = `./include/circle_dot.asy'.

<./include/circle_dot.pdf, id=1199, 199.1741pt x 196.88556pt>
File: ./include/circle_dot.pdf Graphic file (type pdf)

<use ./include/circle_dot.pdf>
Overfull \hbox (230.3736pt too wide) in paragraph at lines 2762--2762
[] 
 []

\openout3 = `./include/vcolor136.asy'.

[39 <./include/circles_point.pdf> <./include/circle_dot.pdf>]
\openout3 = `./include/vcolor137.asy'.

\openout3 = `./include/vcolor138.asy'.

\openout3 = `./include/vcolor139.asy'.

\openout3 = `./include/vcolor140.asy'.

\openout3 = `./include/vcolor141.asy'.

\openout3 = `./include/vcolor142.asy'.

\openout3 = `./include/vcolor143.asy'.

\openout3 = `./include/tangentes_point_cercle.asy'.


<./include/tangentes_point_cercle.pdf, id=1220, 213.39726pt x 203.9118pt>
File: ./include/tangentes_point_cercle.pdf Graphic file (type pdf)

<use ./include/tangentes_point_cercle.pdf>
Overfull \hbox (244.59671pt too wide) in paragraph at lines 2857--2857
[] 
 []

\openout3 = `./include/vcolor144.asy'.

\openout3 = `./include/vcolor145.asy'.

\openout3 = `./include/vcolor146.asy'.

[40 <./include/tangentes_point_cercle.pdf>]
\openout3 = `./include/relpoint_circle.asy'.


<./include/relpoint_circle.pdf, id=1233, 175.74658pt x 231.77591pt>
File: ./include/relpoint_circle.pdf Graphic file (type pdf)

<use ./include/relpoint_circle.pdf>
Overfull \hbox (206.94614pt too wide) in paragraph at lines 2896--2896
[] 
 []

\openout3 = `./include/vcolor147.asy'.

\openout3 = `./include/angpoint_circle.asy'.

<./include/angpoint_circle.pdf, id=1234, 175.74658pt x 231.77591pt>
File: ./include/angpoint_circle.pdf Graphic file (type pdf)

<use ./include/angpoint_circle.pdf>
Overfull \hbox (206.94614pt too wide) in paragraph at lines 2920--2920
[] 
 []

\openout3 = `./include/vcolor148.asy'.

\openout3 = `./include/curpoint_circle.asy'.

<./include/curpoint_circle.pdf, id=1235, 175.74658pt x 215.89659pt>
File: ./include/curpoint_circle.pdf Graphic file (type pdf)

<use ./include/curpoint_circle.pdf>
Overfull \hbox (206.94614pt too wide) in paragraph at lines 2943--2943
[] 
 []

[41 <./include/relpoint_circle.pdf> <./include/angpoint_circle.pdf>]
\openout3 = `./include/circle_2pt_tangent.asy'.


<./include/circle_2pt_tangent.pdf, id=1261, 284.53302pt x 317.95787pt>
<use ./include/circle_2pt_tangent.pdf> <use ./include/circle_2pt_tangent.pdf>
File: ./include/circle_2pt_tangent.pdf Graphic file (type pdf)

<use ./include/circle_2pt_tangent.pdf>
Underfull \vbox (badness 10000) detected at line 2983
 []

[42 <./include/curpoint_circle.pdf>]
\openout3 = `./include/inversion_pre.asy'.


<./include/inversion_pre.pdf, id=1277, 184.96101pt x 149.12715pt>
File: ./include/inversion_pre.pdf Graphic file (type pdf)

<use ./include/inversion_pre.pdf>
Overfull \hbox (216.16054pt too wide) in paragraph at lines 3001--3001
[] 
 []


Underfull \vbox (badness 2285) detected at line 3001
 []

[43 <./include/circle_2pt_tangent.pdf>]
\openout3 = `./include/apollonius.asy'.


<./include/apollonius.pdf, id=1293, 270.29985pt x 300.75362pt>
<use ./include/apollonius.pdf> <use ./include/apollonius.pdf>
File: ./include/apollonius.pdf Graphic file (type pdf)

<use ./include/apollonius.pdf>
Underfull \vbox (badness 10000) detected at line 3060
 []

[44 <./include/inversion_pre.pdf>]
\openout3 = `./include/all_apollonius.asy'.

 [45 <./include/apollonius.pdf>]
<./include/all_apollonius.pdf, id=1337, 512.1534pt x 262.75163pt>
<use ./include/all_apollonius.pdf> <use ./include/all_apollonius.pdf>
File: ./include/all_apollonius.pdf Graphic file (type pdf)

<use ./include/all_apollonius.pdf> [46 <./include/all_apollonius.pdf>]
\openout3 = `./include/vcolor149.asy'.

\openout3 = `./include/vcolor150.asy'.

\openout3 = `./include/vcolor151.asy'.

\openout3 = `./include/ellipses_angle.asy'.


<./include/ellipses_angle.pdf, id=1345, 227.62039pt x 212.72473pt>
File: ./include/ellipses_angle.pdf Graphic file (type pdf)

<use ./include/ellipses_angle.pdf>
Overfull \hbox (258.81981pt too wide) in paragraph at lines 3143--3143
[] 
 []

\openout3 = `./include/ellipse_dot.asy'.

<./include/ellipse_dot.pdf, id=1346, 227.61035pt x 115.31079pt>
File: ./include/ellipse_dot.pdf Graphic file (type pdf)

<use ./include/ellipse_dot.pdf>
Overfull \hbox (258.80977pt too wide) in paragraph at lines 3170--3170
[] 
 []

\openout3 = `./include/vcolor152.asy'.

[47 <./include/ellipses_angle.pdf> <./include/ellipse_dot.pdf>]
\openout3 = `./include/vcolor153.asy'.


Underfull \hbox (badness 10000) in paragraph at lines 3191--3200
\T1/lmr/m/n/10 The pos-si-ble val-ues of [][] are [][], which is the de-fault v
alue of
 []

\openout3 = `./include/vcolor154.asy'.

\openout3 = `./include/tangentes_point_ellipse.asy'.

<./include/tangentes_point_ellipse.pdf, id=1362, 213.39726pt x 131.71208pt>
File: ./include/tangentes_point_ellipse.pdf Graphic file (type pdf)

<use ./include/tangentes_point_ellipse.pdf>
Overfull \hbox (244.59671pt too wide) in paragraph at lines 3218--3218
[] 
 []

\openout3 = `./include/vcolor155.asy'.

\openout3 = `./include/affinite_cercle_ellipse_tgtes.asy'.


<./include/affinite_cercle_ellipse_tgtes.pdf, id=1364, 341.43561pt x 243.70045p
t> <use ./include/affinite_cercle_ellipse_tgtes.pdf>
<use ./include/affinite_cercle_ellipse_tgtes.pdf>
File: ./include/affinite_cercle_ellipse_tgtes.pdf Graphic file (type pdf)

<use ./include/affinite_cercle_ellipse_tgtes.pdf>
Underfull \vbox (badness 10000) detected at line 3263
 []

[48 <./include/tangentes_point_ellipse.pdf>]
\openout3 = `./include/vcolor156.asy'.

\openout3 = `./include/vcolor157.asy'.

\openout3 = `./include/relpoint_ellipse.asy'.


<./include/relpoint_ellipse.pdf, id=1372, 170.7178pt x 122.2166pt>
File: ./include/relpoint_ellipse.pdf Graphic file (type pdf)

<use ./include/relpoint_ellipse.pdf> [49 <./include/affinite_cercle_ellipse_tgt
es.pdf>]
Overfull \hbox (201.91736pt too wide) in paragraph at lines 3291--3291
[] 
 []

\openout3 = `./include/vcolor158.asy'.

\openout3 = `./include/angpoint_ellipse.asy'.


Underfull \hbox (badness 10000) in paragraph at lines 3298--3303
[]\T1/lmr/m/n/10 Return the point of [] with an-gle [] de-grees from the cen-te
r of the el-lipse
 []

<./include/angpoint_ellipse.pdf, id=1386, 284.52296pt x 134.84377pt>
<use ./include/angpoint_ellipse.pdf> <use ./include/angpoint_ellipse.pdf>
File: ./include/angpoint_ellipse.pdf Graphic file (type pdf)

<use ./include/angpoint_ellipse.pdf>
\openout3 = `./include/vcolor159.asy'.

\openout3 = `./include/curpoint_ellipse.asy'.


<./include/curpoint_ellipse.pdf, id=1387, 199.1741pt x 159.32523pt>
File: ./include/curpoint_ellipse.pdf Graphic file (type pdf)

<use ./include/curpoint_ellipse.pdf>
Overfull \hbox (230.3736pt too wide) in paragraph at lines 3336--3336
[] 
 []


Underfull \vbox (badness 2626) detected at line 3336
 []

[50 <./include/relpoint_ellipse.pdf> <./include/angpoint_ellipse.pdf>]
\openout3 = `./include/vcolor160.asy'.

\openout3 = `./include/vcolor161.asy'.

\openout3 = `./include/vcolor162.asy'.

\openout3 = `./include/vcolor163.asy'.

\openout3 = `./include/parabole_3_points.asy'.


<./include/parabole_3_points.pdf, id=1414, 256.07669pt x 192.17798pt>
File: ./include/parabole_3_points.pdf Graphic file (type pdf)

<use ./include/parabole_3_points.pdf>
Overfull \hbox (287.27605pt too wide) in paragraph at lines 3392--3392
[] 
 []

[51 <./include/curpoint_ellipse.pdf> <./include/parabole_3_points.pdf>]
\openout3 = `./include/parabola_to_path.asy'.


<./include/parabola_to_path.pdf, id=1436, 284.52296pt x 232.84991pt>
File: ./include/parabola_to_path.pdf Graphic file (type pdf)

<use ./include/parabola_to_path.pdf>
Overfull \hbox (315.72223pt too wide) in paragraph at lines 3428--3428
[] 
 []


Underfull \hbox (badness 10000) in paragraph at lines 3429--3433
\T1/lmr/m/n/10 through the rou-tine [][]
 []

\openout3 = `./include/dot_parabola.asy'.


Overfull \hbox (40.39735pt too wide) in paragraph at lines 3433--3439
\T1/lmr/m/n/10 through-out the in-ter-val whose ends are re-turned by the rou-t
ine [][]. 
 []

<./include/dot_parabola.pdf, id=1437, 170.7178pt x 160.15834pt>
File: ./include/dot_parabola.pdf Graphic file (type pdf)

<use ./include/dot_parabola.pdf>
Overfull \hbox (201.91736pt too wide) in paragraph at lines 3449--3449
[] 
 []

\openout3 = `./include/vcolor164.asy'.

\openout3 = `./include/tangentes_parabola.asy'.

<./include/tangentes_parabola.pdf, id=1438, 227.62039pt x 198.77261pt>
File: ./include/tangentes_parabola.pdf Graphic file (type pdf)

<use ./include/tangentes_parabola.pdf> [52 <./include/parabola_to_path.pdf> <./
include/dot_parabola.pdf>]
Overfull \hbox (258.81981pt too wide) in paragraph at lines 3479--3479
[] 
 []

\openout3 = `./include/vcolor165.asy'.

\openout3 = `./include/vcolor166.asy'.

\openout3 = `./include/vcolor167.asy'.

\openout3 = `./include/vcolor168.asy'.

\openout3 = `./include/vcolor169.asy'.

\openout3 = `./include/curpoint_parabola.asy'.

<./include/curpoint_parabola.pdf, id=1456, 170.7178pt x 145.343pt>
File: ./include/curpoint_parabola.pdf Graphic file (type pdf)

<use ./include/curpoint_parabola.pdf>
Overfull \hbox (201.91736pt too wide) in paragraph at lines 3525--3525
[] 
 []

\openout3 = `./include/vcolor170.asy'.

\openout3 = `./include/arcfromfocus_parabola.asy'.

[53 <./include/tangentes_parabola.pdf> <./include/curpoint_parabola.pdf>]
<./include/arcfromfocus_parabola.pdf, id=1476, 227.84122pt x 191.59581pt>
<use ./include/arcfromfocus_parabola.pdf>
<use ./include/arcfromfocus_parabola.pdf>
File: ./include/arcfromfocus_parabola.pdf Graphic file (type pdf)

<use ./include/arcfromfocus_parabola.pdf>
\openout3 = `./include/vcolor171.asy'.

LaTeX Font Info:    Font shape `T1/lmtt/bx/n' in size <10> not available
(Font)              Font shape `T1/lmtt/b/n' tried instead on input line 3579.
\openout3 = `./include/hyperbole_def_1.asy'.


<./include/hyperbole_def_1.pdf, id=1477, 170.7178pt x 151.35545pt>
File: ./include/hyperbole_def_1.pdf Graphic file (type pdf)

<use ./include/hyperbole_def_1.pdf>
Overfull \hbox (201.91736pt too wide) in paragraph at lines 3601--3601
[] 
 []

[54 <./include/arcfromfocus_parabola.pdf>]
\openout3 = `./include/vcolor172.asy'.

\openout3 = `./include/vcolor173.asy'.

\openout3 = `./include/conj_hyperbole.asy'.


<./include/conj_hyperbole.pdf, id=1496, 227.62039pt x 227.62039pt>
File: ./include/conj_hyperbole.pdf Graphic file (type pdf)

<use ./include/conj_hyperbole.pdf>
Overfull \hbox (258.81981pt too wide) in paragraph at lines 3628--3628
[] 
 []

\openout3 = `./include/hyperbola_to_path.asy'.

<./include/hyperbola_to_path.pdf, id=1497, 284.52296pt x 182.6022pt>
File: ./include/hyperbola_to_path.pdf Graphic file (type pdf)

<use ./include/hyperbola_to_path.pdf>
Overfull \hbox (315.72223pt too wide) in paragraph at lines 3664--3664
[] 
 []

[55 <./include/hyperbole_def_1.pdf> <./include/conj_hyperbole.pdf>]
Underfull \hbox (badness 10000) in paragraph at lines 3665--3670
\T1/lmr/m/n/10 through the rou-tine [][]
 []

\openout3 = `./include/dot_hyperbola.asy'.


Underfull \hbox (badness 10000) in paragraph at lines 3670--3677
\T1/lmr/m/n/10 out the in-ter-val whose ends are re-turned by the rou-tine
 []

<./include/dot_hyperbola.pdf, id=1518, 284.52296pt x 141.25774pt>
File: ./include/dot_hyperbola.pdf Graphic file (type pdf)

<use ./include/dot_hyperbola.pdf>
Overfull \hbox (315.72223pt too wide) in paragraph at lines 3687--3687
[] 
 []

\openout3 = `./include/vcolor174.asy'.

\openout3 = `./include/tangents_hyperbola.asy'.

<./include/tangents_hyperbola.pdf, id=1519, 284.52296pt x 170.91855pt>
File: ./include/tangents_hyperbola.pdf Graphic file (type pdf)

<use ./include/tangents_hyperbola.pdf>
Overfull \hbox (315.72223pt too wide) in paragraph at lines 3710--3710
[] 
 []

\openout3 = `./include/vcolor175.asy'.

[56 <./include/hyperbola_to_path.pdf> <./include/dot_hyperbola.pdf> <./include/
tangents_hyperbola.pdf>]
\openout3 = `./include/tangent_hyperbola.asy'.


<./include/tangent_hyperbola.pdf, id=1534, 170.61742pt x 284.52296pt>
File: ./include/tangent_hyperbola.pdf Graphic file (type pdf)

<use ./include/tangent_hyperbola.pdf>
Overfull \hbox (201.81697pt too wide) in paragraph at lines 3739--3739
[] 
 []

\openout3 = `./include/vcolor176.asy'.

\openout3 = `./include/vcolor177.asy'.

\openout3 = `./include/vcolor178.asy'.


Underfull \hbox (badness 10000) in paragraph at lines 3760--3764
[]\T1/lmr/m/n/10 Return the point of [] with an-gle [] de-grees from the hy-per
-bola cen-ter
 []

\openout3 = `./include/vcolor179.asy'.

\openout3 = `./include/arcfromfocus_hyperbola.asy'.

<./include/arcfromfocus_hyperbola.pdf, id=1536, 284.69362pt x 181.78917pt>
<use ./include/arcfromfocus_hyperbola.pdf>
<use ./include/arcfromfocus_hyperbola.pdf>
File: ./include/arcfromfocus_hyperbola.pdf Graphic file (type pdf)

<use ./include/arcfromfocus_hyperbola.pdf>
Underfull \vbox (badness 1881) detected at line 3793
 []

[57 <./include/tangent_hyperbola.pdf>]
\openout3 = `./include/vcolor180.asy'.

\openout3 = `./include/arcfromcenter_hyperbola.asy'.


<./include/arcfromcenter_hyperbola.pdf, id=1551, 341.57611pt x 151.00415pt>
<use ./include/arcfromcenter_hyperbola.pdf>
<use ./include/arcfromcenter_hyperbola.pdf>
File: ./include/arcfromcenter_hyperbola.pdf Graphic file (type pdf)

<use ./include/arcfromcenter_hyperbola.pdf>
Underfull \vbox (badness 10000) detected at line 3816
 []

[58 <./include/arcfromfocus_hyperbola.pdf>]
\openout3 = `./include/vcolor181.asy'.


Underfull \hbox (badness 10000) in paragraph at lines 3856--3858
[]\T1/lmr/m/n/10 Here are a few ex-am-ples il-lus-trat-ing the use of rou-tine
 []

\openout3 = `./include/arc_1.asy'.

<./include/arc_1.pdf, id=1572, 170.7178pt x 218.29555pt>
File: ./include/arc_1.pdf Graphic file (type pdf)

<use ./include/arc_1.pdf>
Overfull \hbox (201.91736pt too wide) in paragraph at lines 3881--3881
[] 
 []

[59 <./include/arcfromcenter_hyperbola.pdf>]
\openout3 = `./include/arc_2.asy'.


<./include/arc_2.pdf, id=1596, 227.62039pt x 227.62039pt>
File: ./include/arc_2.pdf Graphic file (type pdf)

<use ./include/arc_2.pdf>
Overfull \hbox (258.81981pt too wide) in paragraph at lines 3903--3903
[] 
 []

\openout3 = `./include/arc_3.asy'.

<./include/arc_3.pdf, id=1597, 227.62039pt x 227.62039pt>
File: ./include/arc_3.pdf Graphic file (type pdf)

<use ./include/arc_3.pdf>
Overfull \hbox (258.81981pt too wide) in paragraph at lines 3923--3923
[] 
 []


Underfull \vbox (badness 10000) detected at line 3923
 []

[60 <./include/arc_1.pdf> <./include/arc_2.pdf>]
Underfull \hbox (badness 10000) in paragraph at lines 3931--3934
[]\T1/lmr/m/n/10 the num-ber of nodes is com-puted by the rou-tine
 []

\openout3 = `./include/dot_arc.asy'.

<./include/dot_arc.pdf, id=1626, 113.81522pt x 104.34985pt>
File: ./include/dot_arc.pdf Graphic file (type pdf)

<use ./include/dot_arc.pdf>
Overfull \hbox (145.01491pt too wide) in paragraph at lines 3949--3949
[] 
 []

\openout3 = `./include/vcolor182.asy'.

\openout3 = `./include/transform_arc.asy'.

<./include/transform_arc.pdf, id=1627, 284.51295pt x 171.04904pt>
<use ./include/transform_arc.pdf> <use ./include/transform_arc.pdf>
File: ./include/transform_arc.pdf Graphic file (type pdf)

<use ./include/transform_arc.pdf>
Underfull \vbox (badness 1436) detected at line 3972
 []

[61 <./include/arc_3.pdf> <./include/dot_arc.pdf>]
\openout3 = `./include/transform_arc_circle.asy'.


<./include/transform_arc_circle.pdf, id=1650, 170.70776pt x 168.87091pt>
File: ./include/transform_arc_circle.pdf Graphic file (type pdf)

<use ./include/transform_arc_circle.pdf>
Overfull \hbox (201.90732pt too wide) in paragraph at lines 3988--3988
[] 
 []

\openout3 = `./include/vcolor183.asy'.

\openout3 = `./include/arc_mult_div_1.asy'.

<./include/arc_mult_div_1.pdf, id=1651, 226.37573pt x 198.9031pt>
File: ./include/arc_mult_div_1.pdf Graphic file (type pdf)

<use ./include/arc_mult_div_1.pdf>
Overfull \hbox (257.57515pt too wide) in paragraph at lines 4016--4016
[] 
 []

[62 <./include/transform_arc.pdf> <./include/transform_arc_circle.pdf>]
\openout3 = `./include/arc_mult_div_2.asy'.


<./include/arc_mult_div_2.pdf, id=1662, 227.62039pt x 214.8025pt>
File: ./include/arc_mult_div_2.pdf Graphic file (type pdf)

<use ./include/arc_mult_div_2.pdf>
Overfull \hbox (258.81981pt too wide) in paragraph at lines 4033--4033
[] 
 []

\openout3 = `./include/arc_mult_div_3.asy'.

<./include/arc_mult_div_3.pdf, id=1663, 227.62039pt x 221.82875pt>
File: ./include/arc_mult_div_3.pdf Graphic file (type pdf)

<use ./include/arc_mult_div_3.pdf>
Overfull \hbox (258.81981pt too wide) in paragraph at lines 4053--4053
[] 
 []


Underfull \vbox (badness 10000) detected at line 4053
 []

[63 <./include/arc_mult_div_1.pdf> <./include/arc_mult_div_2.pdf>]
\openout3 = `./include/vcolor184.asy'.

\openout3 = `./include/vcolor185.asy'.

\openout3 = `./include/vcolor186.asy'.

\openout3 = `./include/vcolor187.asy'.

\openout3 = `./include/complementary_arc.asy'.


<./include/complementary_arc.pdf, id=1686, 170.7178pt x 85.86078pt>
File: ./include/complementary_arc.pdf Graphic file (type pdf)

<use ./include/complementary_arc.pdf>
Overfull \hbox (201.91736pt too wide) in paragraph at lines 4098--4098
[] 
 []

\openout3 = `./include/vcolor188.asy'.

\openout3 = `./include/vcolor189.asy'.

\openout3 = `./include/vcolor190.asy'.

\openout3 = `./include/vcolor191.asy'.

[64 <./include/arc_mult_div_3.pdf> <./include/complementary_arc.pdf>]
\openout3 = `./include/vcolor192.asy'.

\openout3 = `./include/vcolor193.asy'.

\openout3 = `./include/arcsubtended.asy'.


Underfull \hbox (badness 10000) in paragraph at lines 4145--4152
\T1/lmr/m/n/10 re-cover the cen-ter of the sub-tended arc, it is pos-si-ble to 
ob-tain it us-ing the rou-tine
 []

<./include/arcsubtended.pdf, id=1706, 199.1741pt x 283.96088pt>
File: ./include/arcsubtended.pdf Graphic file (type pdf)

<use ./include/arcsubtended.pdf>
Overfull \hbox (230.3736pt too wide) in paragraph at lines 4170--4170
[] 
 []

\openout3 = `./include/angle_inscrit.asy'.

<./include/angle_inscrit.pdf, id=1707, 199.1741pt x 198.71239pt>
File: ./include/angle_inscrit.pdf Graphic file (type pdf)

<use ./include/angle_inscrit.pdf>
Overfull \hbox (230.3736pt too wide) in paragraph at lines 4186--4186
[] 
 []


Underfull \vbox (badness 5954) detected at line 4186
 []

[65 <./include/arcsubtended.pdf>]
\openout3 = `./include/vcolor194.asy'.

\openout3 = `./include/ove.asy'.


<./include/ove.pdf, id=1720, 171.47061pt x 171.47061pt>
File: ./include/ove.pdf Graphic file (type pdf)

<use ./include/ove.pdf>
Overfull \hbox (202.67017pt too wide) in paragraph at lines 4207--4207
[] 
 []

\openout3 = `./include/vcolor195.asy'.

\openout3 = `./include/circumarc_def.asy'.

<./include/circumarc_def.pdf, id=1721, 170.7178pt x 131.92285pt>
File: ./include/circumarc_def.pdf Graphic file (type pdf)

<use ./include/circumarc_def.pdf>
Overfull \hbox (201.91736pt too wide) in paragraph at lines 4224--4224
[] 
 []

\openout3 = `./include/vcolor196.asy'.

\openout3 = `./include/arc_inter_points.asy'.


Underfull \hbox (badness 10000) in paragraph at lines 4230--4233

 []

[66 <./include/angle_inscrit.pdf> <./include/ove.pdf> <./include/circumarc_def.
pdf>] <./include/arc_inter_points.pdf, id=1743, 227.62039pt x 168.93112pt>
<use ./include/arc_inter_points.pdf> <use ./include/arc_inter_points.pdf>
File: ./include/arc_inter_points.pdf Graphic file (type pdf)

<use ./include/arc_inter_points.pdf>
\openout3 = `./include/vcolor197.asy'.

\openout3 = `./include/vcolor198.asy'.

\openout3 = `./include/subarc_point.asy'.


<./include/subarc_point.pdf, id=1745, 227.62039pt x 146.29657pt>
<use ./include/subarc_point.pdf> <use ./include/subarc_point.pdf>
File: ./include/subarc_point.pdf Graphic file (type pdf)

<use ./include/subarc_point.pdf>
\openout3 = `./include/vcolor199.asy'.

 [67 <./include/arc_inter_points.pdf> <./include/subarc_point.pdf>]
\openout3 = `./include/vcolor200.asy'.


Underfull \hbox (badness 2961) in paragraph at lines 4280--4284
[]\T1/lmr/m/n/10 Return the im-age of [] un-der the in-ver-sion with cen-ter []
 and ra-dius []; [][]look at the il-lus-tra-tion[][] of
 []

\openout3 = `./include/vcolor201.asy'.

\openout3 = `./include/vcolor202.asy'.

\openout3 = `./include/vcolor203.asy'.

\openout3 = `./include/vcolor204.asy'.

\openout3 = `./include/vcolor205.asy'.

\openout3 = `./include/relabscissa.asy'.

<./include/relabscissa.pdf, id=1769, 128.03835pt x 64.01918pt>
File: ./include/relabscissa.pdf Graphic file (type pdf)

<use ./include/relabscissa.pdf>
Overfull \hbox (159.238pt too wide) in paragraph at lines 4350--4350
[] 
 []

\openout3 = `./include/vcolor206.asy'.

\openout3 = `./include/curabscissa.asy'.

<./include/curabscissa.pdf, id=1770, 128.03835pt x 64.52104pt>
File: ./include/curabscissa.pdf Graphic file (type pdf)

<use ./include/curabscissa.pdf> [68 <./include/relabscissa.pdf>]
Overfull \hbox (159.238pt too wide) in paragraph at lines 4367--4367
[] 
 []

\openout3 = `./include/vcolor207.asy'.

\openout3 = `./include/angabscissa.asy'.

<./include/angabscissa.pdf, id=1783, 170.7178pt x 170.7178pt>
File: ./include/angabscissa.pdf Graphic file (type pdf)

<use ./include/angabscissa.pdf>
Overfull \hbox (201.91736pt too wide) in paragraph at lines 4390--4390
[] 
 []

\openout3 = `./include/vcolor208.asy'.

\openout3 = `./include/vcolor209.asy'.

\openout3 = `./include/vcolor210.asy'.

\openout3 = `./include/vcolor211.asy'.

\openout3 = `./include/vcolor212.asy'.

\openout3 = `./include/vcolor213.asy'.

\openout3 = `./include/vcolor214.asy'.

\openout3 = `./include/vcolor215.asy'.

\openout3 = `./include/vcolor216.asy'.

\openout3 = `./include/vcolor217.asy'.

[69 <./include/curabscissa.pdf> <./include/angabscissa.pdf>]
\openout3 = `./include/vcolor218.asy'.

\openout3 = `./include/vcolor219.asy'.

\openout3 = `./include/vcolor220.asy'.

\openout3 = `./include/vcolor221.asy'.

\openout3 = `./include/vcolor222.asy'.

\openout3 = `./include/vcolor223.asy'.

 [70]
\openout3 = `./include/vcolor224.asy'.

\openout3 = `./include/vcolor225.asy'.

\openout3 = `./include/vcolor226.asy'.

\openout3 = `./include/vcolor227.asy'.

\openout3 = `./include/vcolor228.asy'.

\openout3 = `./include/vcolor229.asy'.

\openout3 = `./include/triangleabc.asy'.


<./include/triangleabc.pdf, id=1815, 116.07365pt x 103.5067pt>
File: ./include/triangleabc.pdf Graphic file (type pdf)

<use ./include/triangleabc.pdf> [71]
Overfull \hbox (147.27333pt too wide) in paragraph at lines 4652--4652
[] 
 []

\openout3 = `./include/vcolor230.asy'.

\openout3 = `./include/triangleAbc.asy'.

<./include/triangleAbc.pdf, id=1820, 109.34853pt x 142.26149pt>
File: ./include/triangleAbc.pdf Graphic file (type pdf)

<use ./include/triangleAbc.pdf>
Overfull \hbox (140.54823pt too wide) in paragraph at lines 4672--4672
[] 
 []

\openout3 = `./include/vcolor231.asy'.

\openout3 = `./include/bisector_vertex.asy'.

<./include/bisector_vertex.pdf, id=1821, 199.1741pt x 110.23183pt>
File: ./include/bisector_vertex.pdf Graphic file (type pdf)

<use ./include/bisector_vertex.pdf>
Overfull \hbox (230.3736pt too wide) in paragraph at lines 4705--4705
[] 
 []

\openout3 = `./include/vcolor232.asy'.

\openout3 = `./include/vcolor233.asy'.

\openout3 = `./include/vcolor234.asy'.

[72 <./include/triangleabc.pdf> <./include/triangleAbc.pdf> <./include/bisector
_vertex.pdf>]
\openout3 = `./include/excircle_intro.asy'.


<./include/excircle_intro.pdf, id=1855, 170.7178pt x 184.86064pt>
File: ./include/excircle_intro.pdf Graphic file (type pdf)

<use ./include/excircle_intro.pdf>
Overfull \hbox (201.91736pt too wide) in paragraph at lines 4760--4760
[] 
 []

\openout3 = `./include/vcolor235.asy'.

\openout3 = `./include/vcolor236.asy'.

\openout3 = `./include/vcolor237.asy'.

\openout3 = `./include/vcolor238.asy'.

\openout3 = `./include/vcolor239.asy'.

\openout3 = `./include/vcolor240.asy'.

[73 <./include/excircle_intro.pdf>]
\openout3 = `./include/vcolor241.asy'.

\openout3 = `./include/vcolor242.asy'.

\openout3 = `./include/vcolor243.asy'.

\openout3 = `./include/vcolor244.asy'.

\openout3 = `./include/orthic.asy'.


<./include/orthic.pdf, id=1870, 227.62039pt x 204.765pt>
File: ./include/orthic.pdf Graphic file (type pdf)

<use ./include/orthic.pdf>
Overfull \hbox (258.81981pt too wide) in paragraph at lines 4850--4850
[] 
 []

\openout3 = `./include/vcolor245.asy'.

\openout3 = `./include/vcolor246.asy'.

\openout3 = `./include/vcolor247.asy'.

\openout3 = `./include/vcolor248.asy'.

\openout3 = `./include/medial.asy'.

<./include/medial.pdf, id=1871, 192.43895pt x 227.62039pt>
File: ./include/medial.pdf Graphic file (type pdf)

<use ./include/medial.pdf>
Overfull \hbox (223.63844pt too wide) in paragraph at lines 4890--4890
[] 
 []


Underfull \vbox (badness 1275) detected at line 4890
 []

[74 <./include/orthic.pdf>]
\openout3 = `./include/vcolor249.asy'.

\openout3 = `./include/vcolor250.asy'.

\openout3 = `./include/vcolor251.asy'.

\openout3 = `./include/vcolor252.asy'.

\openout3 = `./include/vcolor253.asy'.

\openout3 = `./include/vcolor254.asy'.

\openout3 = `./include/vcolor255.asy'.

\openout3 = `./include/tangential.asy'.


<./include/tangential.pdf, id=1882, 199.1741pt x 194.87805pt>
File: ./include/tangential.pdf Graphic file (type pdf)

<use ./include/tangential.pdf>
Overfull \hbox (230.3736pt too wide) in paragraph at lines 4948--4948
[] 
 []

\openout3 = `./include/vcolor256.asy'.

[75 <./include/medial.pdf> <./include/tangential.pdf>]
\openout3 = `./include/vcolor257.asy'.

\openout3 = `./include/vcolor258.asy'.

\openout3 = `./include/vcolor259.asy'.

\openout3 = `./include/vcolor260.asy'.

\openout3 = `./include/vcolor261.asy'.

\openout3 = `./include/intouch.asy'.


<./include/intouch.pdf, id=1897, 241.85356pt x 165.66895pt>
File: ./include/intouch.pdf Graphic file (type pdf)

<use ./include/intouch.pdf>
Overfull \hbox (273.05293pt too wide) in paragraph at lines 4996--4996
[] 
 []

\openout3 = `./include/vcolor262.asy'.

\openout3 = `./include/vcolor263.asy'.

\openout3 = `./include/vcolor264.asy'.

\openout3 = `./include/vcolor265.asy'.

\openout3 = `./include/vcolor266.asy'.

\openout3 = `./include/extouch.asy'.

<./include/extouch.pdf, id=1898, 170.72783pt x 185.28221pt>
File: ./include/extouch.pdf Graphic file (type pdf)

<use ./include/extouch.pdf>
Overfull \hbox (201.92738pt too wide) in paragraph at lines 5043--5043
[] 
 []

[76 <./include/intouch.pdf>]
\openout3 = `./include/vcolor267.asy'.

\openout3 = `./include/vcolor268.asy'.

\openout3 = `./include/vcolor269.asy'.

\openout3 = `./include/symmedian.asy'.


<./include/symmedian.pdf, id=1910, 284.52296pt x 201.09128pt>
<use ./include/symmedian.pdf> <use ./include/symmedian.pdf>
File: ./include/symmedian.pdf Graphic file (type pdf)

<use ./include/symmedian.pdf>
\openout3 = `./include/vcolor270.asy'.

 [77 <./include/extouch.pdf> <./include/symmedian.pdf>]
\openout3 = `./include/vcolor271.asy'.

\openout3 = `./include/vcolor272.asy'.

\openout3 = `./include/cevian.asy'.

 <./include/cevian.pdf, id=1931, 284.52296pt x 181.11665pt>
<use ./include/cevian.pdf> <use ./include/cevian.pdf>
File: ./include/cevian.pdf Graphic file (type pdf)

<use ./include/cevian.pdf>
\openout3 = `./include/vcolor273.asy'.

\openout3 = `./include/vcolor274.asy'.

\openout3 = `./include/vcolor275.asy'.

\openout3 = `./include/vcolor276.asy'.

 [78 <./include/cevian.pdf>]
\openout3 = `./include/isotomic.asy'.


<./include/isotomic.pdf, id=1951, 284.52296pt x 181.78917pt>
<use ./include/isotomic.pdf> <use ./include/isotomic.pdf>
File: ./include/isotomic.pdf Graphic file (type pdf)

<use ./include/isotomic.pdf>
\openout3 = `./include/vcolor277.asy'.

\openout3 = `./include/vcolor278.asy'.

\openout3 = `./include/vcolor279.asy'.

\openout3 = `./include/isogonaux.asy'.


<./include/isogonaux.pdf, id=1954, 284.52296pt x 186.58708pt>
<use ./include/isogonaux.pdf> <use ./include/isogonaux.pdf>
File: ./include/isogonaux.pdf Graphic file (type pdf)

<use ./include/isogonaux.pdf> [79 <./include/isotomic.pdf>]
\openout3 = `./include/vcolor280.asy'.

\openout3 = `./include/vcolor281.asy'.

\openout3 = `./include/simson.asy'.


<./include/simson.pdf, id=1968, 227.62039pt x 213.77867pt>
File: ./include/simson.pdf Graphic file (type pdf)

<use ./include/simson.pdf>
Overfull \hbox (258.81981pt too wide) in paragraph at lines 5269--5269
[] 
 []


Underfull \vbox (badness 10000) detected at line 5269
 []

[80 <./include/isogonaux.pdf>]
\openout3 = `./include/vcolor282.asy'.

\openout3 = `./include/antipedal.asy'.


<./include/antipedal.pdf, id=1980, 284.52296pt x 357.10413pt>
File: ./include/antipedal.pdf Graphic file (type pdf)

<use ./include/antipedal.pdf>
Overfull \hbox (315.72223pt too wide) in paragraph at lines 5302--5302
[] 
 []

\openout3 = `./include/vcolor283.asy'.

[81 <./include/simson.pdf> <./include/antipedal.pdf>]
\openout3 = `./include/vcolor284.asy'.

\openout3 = `./include/vcolor285.asy'.

\openout3 = `./include/vcolor286.asy'.

\openout3 = `./include/vcolor287.asy'.

\openout3 = `./include/vcolor288.asy'.

\openout3 = `./include/vcolor289.asy'.

\openout3 = `./include/vcolor290.asy'.

\openout3 = `./include/vcolor291.asy'.

\openout3 = `./include/vcolor292.asy'.

\openout3 = `./include/vcolor293.asy'.

 [82]
\openout3 = `./include/vcolor294.asy'.

\openout3 = `./include/vcolor295.asy'.

\openout3 = `./include/vcolor296.asy'.

\openout3 = `./include/vcolor297.asy'.

\openout3 = `./include/vcolor298.asy'.

\openout3 = `./include/inversion_circle_droite.asy'.


<./include/inversion_circle_droite.pdf, id=2006, 113.81522pt x 113.81522pt>
File: ./include/inversion_circle_droite.pdf Graphic file (type pdf)

<use ./include/inversion_circle_droite.pdf>
Overfull \hbox (145.01491pt too wide) in paragraph at lines 5466--5466
[] 
 []

\openout3 = `./include/circle_inversion.asy'.

<./include/circle_inversion.pdf, id=2008, 170.7178pt x 170.7178pt>
File: ./include/circle_inversion.pdf Graphic file (type pdf)

<use ./include/circle_inversion.pdf>
Overfull \hbox (201.91736pt too wide) in paragraph at lines 5486--5486
[] 
 []

\openout3 = `./include/pappus_construct.asy'.

<./include/pappus_construct.pdf, id=2009, 199.1741pt x 319.45349pt>
File: ./include/pappus_construct.pdf Graphic file (type pdf)

<use ./include/pappus_construct.pdf>
Overfull \hbox (230.3736pt too wide) in paragraph at lines 5509--5509
[] 
 []

[83 <./include/inversion_circle_droite.pdf> <./include/circle_inversion.pdf>]
\openout3 = `./include/chaine_pappus.asy'.


<./include/chaine_pappus.pdf, id=2022, 227.36946pt x 227.36946pt>
File: ./include/chaine_pappus.pdf Graphic file (type pdf)

<use ./include/chaine_pappus.pdf>
Overfull \hbox (258.56888pt too wide) in paragraph at lines 5527--5527
[] 
 []

\openout3 = `./include/pappus_variante.asy'.

<./include/pappus_variante.pdf, id=2023, 227.36946pt x 178.16562pt>
<use ./include/pappus_variante.pdf> <use ./include/pappus_variante.pdf>
File: ./include/pappus_variante.pdf Graphic file (type pdf)

<use ./include/pappus_variante.pdf>
Underfull \vbox (badness 10000) detected at line 5544
 []

[84 <./include/pappus_construct.pdf> <./include/chaine_pappus.pdf>]
\openout3 = `./include/inversion_damier.asy'.


<./include/inversion_damier.pdf, id=2034, 284.52296pt x 284.52296pt>
<use ./include/inversion_damier.pdf> <use ./include/inversion_damier.pdf>
File: ./include/inversion_damier.pdf Graphic file (type pdf)

<use ./include/inversion_damier.pdf>
Underfull \vbox (badness 10000) detected at line 5564
 []

[85 <./include/pappus_variante.pdf>] [86 <./include/inversion_damier.pdf>]
(./geometry_en.ind [87] [88] [89] [90] [91] [92] [93]) (./geometry_en.aux) ) 
Here is how much of TeX's memory you used:
 7636 strings out of 95063
 110210 string characters out of 1182610
 163120 words of memory out of 1500000
 9993 multiletter control sequences out of 10000+50000
 95870 words of font info for 81 fonts, out of 1200000 for 2000
 28 hyphenation exceptions out of 8191
 28i,19n,38p,466b,532s stack positions out of 5000i,500n,6000p,200000b,5000s
pdf
TeX warning (dest): name{markarc} has been referenced but does not exist, repla
ced by a fixed one

pdfTeX warning (dest): name{section.inversions} has been referenced but does no
t exist, replaced by a fixed one

pdfTeX warning (dest): name{section.triangles} has been referenced but does not
 exist, replaced by a fixed one

pdfTeX warning (dest): name{subsection.bqe} has been referenced but does not ex
ist, replaced by a fixed one

{/usr/share/texmf/fonts/enc/dvips/lm/lm-mathex.enc}{/usr/share/texmf/fonts/enc/
dvips/lm/lm-ec.enc}{/usr/share/texmf/fonts/enc/dvips/lm/lm-mathit.enc}{/usr/sha
re/texmf/fonts/enc/dvips/lm/lm-mathsy.enc}{/usr/share/texmf/fonts/enc/dvips/lm/
lm-rm.enc}</usr/share/texmf-texlive/fonts/type1/bluesky/cm/cmmi12.pfb></usr/sha
re/texmf-texlive/fonts/type1/bluesky/cm/cmmi8.pfb></usr/share/texmf-texlive/fon
ts/type1/bluesky/cm/cmr12.pfb></usr/share/texmf-texlive/fonts/type1/bluesky/cm/
cmr6.pfb></usr/share/texmf-texlive/fonts/type1/bluesky/cm/cmr8.pfb></usr/share/
texmf-texlive/fonts/type1/bluesky/cm/cmsy10.pfb></usr/share/texmf-texlive/fonts
/type1/bluesky/cm/cmsy6.pfb></usr/share/texmf-texlive/fonts/type1/bluesky/cm/cm
sy8.pfb></usr/share/texmf/fonts/type1/public/lm/lmbx10.pfb></usr/share/texmf/fo
nts/type1/public/lm/lmbx12.pfb></usr/share/texmf/fonts/type1/public/lm/lmbx9.pf
b></usr/share/texmf/fonts/type1/public/lm/lmcsc10.pfb></usr/share/texmf/fonts/t
ype1/public/lm/lmex10.pfb></usr/share/texmf/fonts/type1/public/lm/lmmi10.pfb></
usr/share/texmf/fonts/type1/public/lm/lmmi7.pfb></usr/share/texmf/fonts/type1/p
ublic/lm/lmr10.pfb></usr/share/texmf/fonts/type1/public/lm/lmr12.pfb></usr/shar
e/texmf/fonts/type1/public/lm/lmr17.pfb></usr/share/texmf/fonts/type1/public/lm
/lmr6.pfb></usr/share/texmf/fonts/type1/public/lm/lmr7.pfb></usr/share/texmf/fo
nts/type1/public/lm/lmr8.pfb></usr/share/texmf/fonts/type1/public/lm/lmr9.pfb><
/usr/share/texmf/fonts/type1/public/lm/lmri10.pfb></usr/share/texmf/fonts/type1
/public/lm/lmri8.pfb></usr/share/texmf/fonts/type1/public/lm/lmri9.pfb></usr/sh
are/texmf/fonts/type1/public/lm/lmsy10.pfb></usr/share/texmf/fonts/type1/public
/lm/lmsy6.pfb></usr/share/texmf/fonts/type1/public/lm/lmsy7.pfb></usr/share/tex
mf/fonts/type1/public/lm/lmsy8.pfb></usr/share/texmf/fonts/type1/public/lm/lmsy
9.pfb></usr/share/texmf/fonts/type1/public/lm/lmtk10.pfb></usr/share/texmf/font
s/type1/public/lm/lmtt10.pfb></usr/share/texmf/fonts/type1/public/lm/lmtt12.pfb
></usr/share/texmf-texlive/fonts/type1/hoekwater/rsfs/rsfs10.pfb>
Output written on geometry_en.pdf (93 pages, 2194064 bytes).
PDF statistics:
 2620 PDF objects out of 2984 (max. 8388607)
 226 named destinations out of 1000 (max. 131072)
 1292 words of extra memory for PDF output out of 10000 (max. 10000000)

