\BOOKMARK [1][-]{section.1}{Introduction}{}
\BOOKMARK [2][-]{subsection.1.1}{Objects types list}{section.1}
\BOOKMARK [2][-]{subsection.1.2}{Internal running}{section.1}
\BOOKMARK [2][-]{subsection.1.3}{Index and external examples}{section.1}
\BOOKMARK [2][-]{subsection.1.4}{Casting }{section.1}
\BOOKMARK [1][-]{section.2}{Coordinate system}{}
\BOOKMARK [2][-]{subsection.2.1}{The type coordsys}{section.2}
\BOOKMARK [2][-]{subsection.2.2}{How to define a coordinate system}{section.2}
\BOOKMARK [2][-]{subsection.2.3}{Changing an object pair on coordinate system}{section.2}
\BOOKMARK [2][-]{subsection.2.4}{Other routines}{section.2}
\BOOKMARK [1][-]{section.3}{Points and vectors}{}
\BOOKMARK [2][-]{subsection.3.1}{The points}{section.3}
\BOOKMARK [3][-]{subsubsection.3.1.1}{Basic principles}{subsection.3.1}
\BOOKMARK [3][-]{subsubsection.3.1.2}{Another routines}{subsection.3.1}
\BOOKMARK [2][-]{subsection.3.2}{Vectors}{section.3}
\BOOKMARK [2][-]{subsection.3.3}{Basic principles}{section.3}
\BOOKMARK [2][-]{subsection.3.4}{Vector/point casting}{section.3}
\BOOKMARK [2][-]{subsection.3.5}{Another routines}{section.3}
\BOOKMARK [1][-]{section.4}{Mass points}{}
\BOOKMARK [2][-]{subsection.4.1}{Basic Principles}{section.4}
\BOOKMARK [2][-]{subsection.4.2}{Another routines}{section.4}
\BOOKMARK [1][-]{section.5}{Transformations \(Part 1\)}{}
\BOOKMARK [2][-]{subsection.5.1}{Independent coordinate system mappings}{section.5}
\BOOKMARK [2][-]{subsection.5.2}{Dependent coordinate system transformations}{section.5}
\BOOKMARK [1][-]{section.6}{Lines, half-lines and segments}{}
\BOOKMARK [2][-]{subsection.6.1}{The type line}{section.6}
\BOOKMARK [3][-]{subsubsection.6.1.1}{Lines defined by two points, basic routines}{subsection.6.1}
\BOOKMARK [3][-]{subsubsection.6.1.2}{Lines defined by equations}{subsection.6.1}
\BOOKMARK [3][-]{subsubsection.6.1.3}{Lines and parallelism}{subsection.6.1}
\BOOKMARK [3][-]{subsubsection.6.1.4}{Lines and angles}{subsection.6.1}
\BOOKMARK [3][-]{subsubsection.6.1.5}{Lines and operators}{subsection.6.1}
\BOOKMARK [3][-]{subsubsection.6.1.6}{Another routines}{subsection.6.1}
\BOOKMARK [3][-]{subsubsection.6.1.7}{Line and marker}{subsection.6.1}
\BOOKMARK [2][-]{subsection.6.2}{The type segment}{section.6}
\BOOKMARK [1][-]{section.7}{Affine Transformations \(Part 2\)}{}
\BOOKMARK [1][-]{section.8}{Conics}{}
\BOOKMARK [2][-]{subsection.8.1}{The type ``conic''}{section.8}
\BOOKMARK [3][-]{subsubsection.8.1.1}{Description}{subsection.8.1}
\BOOKMARK [3][-]{subsubsection.8.1.2}{Basic routines}{subsection.8.1}
\BOOKMARK [3][-]{subsubsection.8.1.3}{Operators}{subsection.8.1}
\BOOKMARK [3][-]{subsubsection.8.1.4}{Conics equations}{subsection.8.1}
\BOOKMARK [3][-]{subsubsection.8.1.5}{Conics and casting}{subsection.8.1}
\BOOKMARK [2][-]{subsection.8.2}{Circles}{section.8}
\BOOKMARK [3][-]{subsubsection.8.2.1}{basic routines}{subsection.8.2}
\BOOKMARK [3][-]{subsubsection.8.2.2}{From the type "circle" to the type "path"}{subsection.8.2}
\BOOKMARK [3][-]{subsubsection.8.2.3}{The operators}{subsection.8.2}
\BOOKMARK [3][-]{subsubsection.8.2.4}{Other routines}{subsection.8.2}
\BOOKMARK [2][-]{subsection.8.3}{Ellipses}{section.8}
\BOOKMARK [3][-]{subsubsection.8.3.1}{Basic routines}{subsection.8.3}
\BOOKMARK [3][-]{subsubsection.8.3.2}{From the type ``ellipse'' to the type ``path''}{subsection.8.3}
\BOOKMARK [3][-]{subsubsection.8.3.3}{Others routines}{subsection.8.3}
\BOOKMARK [2][-]{subsection.8.4}{Paraboles}{section.8}
\BOOKMARK [3][-]{subsubsection.8.4.1}{Basic routines}{subsection.8.4}
\BOOKMARK [3][-]{subsubsection.8.4.2}{From type ``parabola'' to type ``path''}{subsection.8.4}
\BOOKMARK [3][-]{subsubsection.8.4.3}{Others routines}{subsection.8.4}
\BOOKMARK [2][-]{subsection.8.5}{Hyperboles}{section.8}
\BOOKMARK [3][-]{subsubsection.8.5.1}{Basic routines}{subsection.8.5}
\BOOKMARK [3][-]{subsubsection.8.5.2}{From type ``hyperbola'' to type ``path''}{subsection.8.5}
\BOOKMARK [3][-]{subsubsection.8.5.3}{Others routines}{subsection.8.5}
\BOOKMARK [1][-]{section.9}{Arcs}{}
\BOOKMARK [2][-]{subsection.9.1}{From type ``arc'' to type ``path''}{section.9}
\BOOKMARK [2][-]{subsection.9.2}{The operators}{section.9}
\BOOKMARK [2][-]{subsection.9.3}{Others routines}{section.9}
\BOOKMARK [1][-]{section.10}{Abscissas}{}
\BOOKMARK [2][-]{subsection.10.1}{Define an abscissa}{section.10}
\BOOKMARK [2][-]{subsection.10.2}{Obtain an abscissa of a point}{section.10}
\BOOKMARK [2][-]{subsection.10.3}{Operators}{section.10}
\BOOKMARK [1][-]{section.11}{Triangles}{}
\BOOKMARK [2][-]{subsection.11.1}{Structure}{section.11}
\BOOKMARK [2][-]{subsection.11.2}{Defining and drawing a triangle}{section.11}
\BOOKMARK [2][-]{subsection.11.3}{Vertices triangles}{section.11}
\BOOKMARK [2][-]{subsection.11.4}{Sides triangles}{section.11}
\BOOKMARK [2][-]{subsection.11.5}{Operators}{section.11}
\BOOKMARK [2][-]{subsection.11.6}{Another routines}{section.11}
\BOOKMARK [2][-]{subsection.11.7}{Trilinear coordinates}{section.11}
\BOOKMARK [1][-]{section.12}{Inversions}{}
\BOOKMARK [2][-]{subsection.12.1}{Define an inversion}{section.12}
\BOOKMARK [2][-]{subsection.12.2}{Apply an inversion}{section.12}
\BOOKMARK [2][-]{subsection.12.3}{Examples}{section.12}
\BOOKMARK [1][-]{section.13}{Index}{}
